2025-07-15 17:07:20 - Starting LocadoraFilmesApplication using Java 24.0.1 with PID 12964 (C:\Users\extre\Documents\Locadora-Filmes\target\classes started by extre in C:\Users\extre\Documents\Locadora-Filmes)
2025-07-15 17:07:20 - Running with Spring Boot v3.5.3, Spring v6.2.8
2025-07-15 17:07:20 - No active profile set, falling back to 1 default profile: "default"
2025-07-15 17:07:20 - Devtools property defaults active! Set 'spring.devtools.add-properties' to 'false' to disable
2025-07-15 17:07:20 - For additional web related logging consider setting the 'logging.level.web' property to 'DEBUG'
2025-07-15 17:07:22 - Bootstrapping Spring Data JPA repositories in DEFAULT mode.
2025-07-15 17:07:22 - Finished Spring Data repository scanning in 85 ms. Found 2 JPA repository interfaces.
2025-07-15 17:07:23 - Tomcat initialized with port 8080 (http)
2025-07-15 17:07:23 - Starting service [Tomcat]
2025-07-15 17:07:23 - Starting Servlet engine: [Apache Tomcat/10.1.42]
2025-07-15 17:07:24 - Initializing Spring embedded WebApplicationContext
2025-07-15 17:07:24 - Root WebApplicationContext: initialization completed in 3692 ms
2025-07-15 17:07:24 - HikariPool-1 - Starting...
2025-07-15 17:07:25 - HikariPool-1 - Added connection org.postgresql.jdbc.PgConnection@1a2aa75e
2025-07-15 17:07:25 - HikariPool-1 - Start completed.
2025-07-15 17:07:25 - HHH000204: Processing PersistenceUnitInfo [name: default]
2025-07-15 17:07:26 - HHH000412: Hibernate ORM core version 6.6.18.Final
2025-07-15 17:07:26 - HHH000026: Second-level cache disabled
2025-07-15 17:07:27 - No LoadTimeWeaver setup: ignoring JPA class transformer
2025-07-15 17:07:27 - HHH90000025: PostgreSQLDialect does not need to be specified explicitly using 'hibernate.dialect' (remove the property setting and it will be selected by default)
2025-07-15 17:07:27 - HHH10001005: Database info:
	Database JDBC URL [Connecting through datasource 'HikariDataSource (HikariPool-1)']
	Database driver: undefined/unknown
	Database version: 17.5
	Autocommit mode: undefined/unknown
	Isolation level: undefined/unknown
	Minimum pool size: undefined/unknown
	Maximum pool size: undefined/unknown
2025-07-15 17:07:29 - HHH000489: No JTA platform available (set 'hibernate.transaction.jta.platform' to enable JTA platform integration)
2025-07-15 17:07:29 - Initialized JPA EntityManagerFactory for persistence unit 'default'
2025-07-15 17:07:29 - Hibernate is in classpath; If applicable, HQL parser will be used.
2025-07-15 17:07:31 - spring.jpa.open-in-view is enabled by default. Therefore, database queries may be performed during view rendering. Explicitly configure spring.jpa.open-in-view to disable this warning
2025-07-15 17:07:31 - Configurando DaoAuthenticationProvider...
2025-07-15 17:07:31 - DaoAuthenticationProvider configurado
2025-07-15 17:07:31 - Global AuthenticationManager configured with AuthenticationProvider bean with name authenticationProvider
2025-07-15 17:07:31 - Global AuthenticationManager configured with an AuthenticationProvider bean. UserDetailsService beans will not be used by Spring Security for automatically configuring username/password login. Consider removing the AuthenticationProvider bean. Alternatively, consider using the UserDetailsService in a manually instantiated DaoAuthenticationProvider. If the current configuration is intentional, to turn off this warning, increase the logging level of 'org.springframework.security.config.annotation.authentication.configuration.InitializeUserDetailsBeanManagerConfigurer' to ERROR
2025-07-15 17:07:31 - Configurando Spring Security...
2025-07-15 17:07:31 - Spring Security configurado com sucesso
2025-07-15 17:07:31 - Will secure any request with filters: DisableEncodeUrlFilter, WebAsyncManagerIntegrationFilter, SecurityContextHolderFilter, HeaderWriterFilter, LogoutFilter, UsernamePasswordAuthenticationFilter, RequestCacheAwareFilter, SecurityContextHolderAwareRequestFilter, AnonymousAuthenticationFilter, ExceptionTranslationFilter, AuthorizationFilter
2025-07-15 17:07:32 - LiveReload server is running on port 35729
2025-07-15 17:07:33 - Tomcat started on port 8080 (http) with context path '/'
2025-07-15 17:07:33 - Started LocadoraFilmesApplication in 13.628 seconds (process running for 15.288)
2025-07-15 17:07:55 - Initializing Spring DispatcherServlet 'dispatcherServlet'
2025-07-15 17:07:55 - Initializing Servlet 'dispatcherServlet'
2025-07-15 17:07:55 - Completed initialization in 1 ms
2025-07-15 17:07:55 - Securing GET /filmes
2025-07-15 17:07:55 - Set SecurityContextHolder to anonymous SecurityContext
2025-07-15 17:07:55 - Saved request http://localhost:8080/filmes?continue to session
2025-07-15 17:07:55 - Redirecting to http://localhost:8080/login
2025-07-15 17:07:55 - Securing GET /login
2025-07-15 17:07:55 - Secured GET /login
2025-07-15 17:07:55 - === LOGIN PAGE ACCESS ===
2025-07-15 17:07:55 - Error parameter: null
2025-07-15 17:07:55 - Logout parameter: null
2025-07-15 17:07:55 - AccessDenied parameter: null
2025-07-15 17:07:55 - Set SecurityContextHolder to anonymous SecurityContext
2025-07-15 17:07:58 - Securing POST /login
2025-07-15 17:07:58 - === CUSTOM USER DETAILS SERVICE ===
2025-07-15 17:07:58 - Tentando carregar usuário com email: pjunior954@gmail.com
2025-07-15 17:07:58 - Usuário encontrado: Paulo Sérgio (ID: 1)
2025-07-15 17:07:58 - Senha do usuário (hash): $2a$10$uaod2AL3CF/tF...
2025-07-15 17:07:58 - UserDetails criado com sucesso para: pjunior954@gmail.com
2025-07-15 17:07:58 - Authorities: [USER]
2025-07-15 17:07:58 - Account non-expired: true
2025-07-15 17:07:58 - Account non-locked: true
2025-07-15 17:07:58 - Credentials non-expired: true
2025-07-15 17:07:58 - Enabled: true
2025-07-15 17:07:58 - Authenticated user
2025-07-15 17:07:58 - Changed session id from 58ED11C1A0EC60CB69D324FE1C488DCE
2025-07-15 17:07:58 - Stored SecurityContextImpl [Authentication=UsernamePasswordAuthenticationToken [Principal=org.springframework.security.core.userdetails.User [Username=pjunior954@gmail.com, Password=[PROTECTED], Enabled=true, AccountNonExpired=true, CredentialsNonExpired=true, AccountNonLocked=true, Granted Authorities=[USER]], Credentials=[PROTECTED], Authenticated=true, Details=WebAuthenticationDetails [RemoteIpAddress=0:0:0:0:0:0:0:1, SessionId=58ED11C1A0EC60CB69D324FE1C488DCE], Granted Authorities=[USER]]] to HttpSession [org.apache.catalina.session.StandardSessionFacade@197dcd21]
2025-07-15 17:07:58 - Set SecurityContextHolder to UsernamePasswordAuthenticationToken [Principal=org.springframework.security.core.userdetails.User [Username=pjunior954@gmail.com, Password=[PROTECTED], Enabled=true, AccountNonExpired=true, CredentialsNonExpired=true, AccountNonLocked=true, Granted Authorities=[USER]], Credentials=[PROTECTED], Authenticated=true, Details=WebAuthenticationDetails [RemoteIpAddress=0:0:0:0:0:0:0:1, SessionId=58ED11C1A0EC60CB69D324FE1C488DCE], Granted Authorities=[USER]]
2025-07-15 17:07:58 - === LOGIN BEM-SUCEDIDO ===
2025-07-15 17:07:58 - Usuário: pjunior954@gmail.com
2025-07-15 17:07:58 - Authorities: [USER]
2025-07-15 17:07:58 - Request URI: /login
2025-07-15 17:07:58 - Redirecionando para: /dashboard
2025-07-15 17:07:58 - Securing GET /dashboard
2025-07-15 17:07:58 - Retrieved SecurityContextImpl [Authentication=UsernamePasswordAuthenticationToken [Principal=org.springframework.security.core.userdetails.User [Username=pjunior954@gmail.com, Password=[PROTECTED], Enabled=true, AccountNonExpired=true, CredentialsNonExpired=true, AccountNonLocked=true, Granted Authorities=[USER]], Credentials=[PROTECTED], Authenticated=true, Details=WebAuthenticationDetails [RemoteIpAddress=0:0:0:0:0:0:0:1, SessionId=58ED11C1A0EC60CB69D324FE1C488DCE], Granted Authorities=[USER]]]
2025-07-15 17:07:58 - Secured GET /dashboard
2025-07-15 17:07:59 - Securing GET /filmes
2025-07-15 17:07:59 - Retrieved SecurityContextImpl [Authentication=UsernamePasswordAuthenticationToken [Principal=org.springframework.security.core.userdetails.User [Username=pjunior954@gmail.com, Password=[PROTECTED], Enabled=true, AccountNonExpired=true, CredentialsNonExpired=true, AccountNonLocked=true, Granted Authorities=[USER]], Credentials=[PROTECTED], Authenticated=true, Details=WebAuthenticationDetails [RemoteIpAddress=0:0:0:0:0:0:0:1, SessionId=58ED11C1A0EC60CB69D324FE1C488DCE], Granted Authorities=[USER]]]
2025-07-15 17:07:59 - Secured GET /filmes
2025-07-15 17:07:59 - Securing GET /uploads/39a81d0f-078e-4af9-9558-3c845f6eefcf.jpg
2025-07-15 17:07:59 - Secured GET /uploads/39a81d0f-078e-4af9-9558-3c845f6eefcf.jpg
2025-07-15 17:07:59 - Securing GET /uploads/bc0e5f19-e277-4811-be41-fce0e92825f7.jpg
2025-07-15 17:07:59 - Secured GET /uploads/bc0e5f19-e277-4811-be41-fce0e92825f7.jpg
2025-07-15 17:07:59 - Securing GET /script.js
2025-07-15 17:07:59 - Retrieved SecurityContextImpl [Authentication=UsernamePasswordAuthenticationToken [Principal=org.springframework.security.core.userdetails.User [Username=pjunior954@gmail.com, Password=[PROTECTED], Enabled=true, AccountNonExpired=true, CredentialsNonExpired=true, AccountNonLocked=true, Granted Authorities=[USER]], Credentials=[PROTECTED], Authenticated=true, Details=WebAuthenticationDetails [RemoteIpAddress=0:0:0:0:0:0:0:1, SessionId=58ED11C1A0EC60CB69D324FE1C488DCE], Granted Authorities=[USER]]]
2025-07-15 17:07:59 - Secured GET /script.js
2025-07-15 17:07:59 - Retrieved SecurityContextImpl [Authentication=UsernamePasswordAuthenticationToken [Principal=org.springframework.security.core.userdetails.User [Username=pjunior954@gmail.com, Password=[PROTECTED], Enabled=true, AccountNonExpired=true, CredentialsNonExpired=true, AccountNonLocked=true, Granted Authorities=[USER]], Credentials=[PROTECTED], Authenticated=true, Details=WebAuthenticationDetails [RemoteIpAddress=0:0:0:0:0:0:0:1, SessionId=58ED11C1A0EC60CB69D324FE1C488DCE], Granted Authorities=[USER]]]
2025-07-15 17:07:59 - Retrieved SecurityContextImpl [Authentication=UsernamePasswordAuthenticationToken [Principal=org.springframework.security.core.userdetails.User [Username=pjunior954@gmail.com, Password=[PROTECTED], Enabled=true, AccountNonExpired=true, CredentialsNonExpired=true, AccountNonLocked=true, Granted Authorities=[USER]], Credentials=[PROTECTED], Authenticated=true, Details=WebAuthenticationDetails [RemoteIpAddress=0:0:0:0:0:0:0:1, SessionId=58ED11C1A0EC60CB69D324FE1C488DCE], Granted Authorities=[USER]]]
2025-07-15 17:07:59 - Resolved [org.springframework.web.servlet.resource.NoResourceFoundException: No static resource script.js.]
2025-07-15 17:08:01 - Securing GET /filmes/15
2025-07-15 17:08:01 - Retrieved SecurityContextImpl [Authentication=UsernamePasswordAuthenticationToken [Principal=org.springframework.security.core.userdetails.User [Username=pjunior954@gmail.com, Password=[PROTECTED], Enabled=true, AccountNonExpired=true, CredentialsNonExpired=true, AccountNonLocked=true, Granted Authorities=[USER]], Credentials=[PROTECTED], Authenticated=true, Details=WebAuthenticationDetails [RemoteIpAddress=0:0:0:0:0:0:0:1, SessionId=58ED11C1A0EC60CB69D324FE1C488DCE], Granted Authorities=[USER]]]
2025-07-15 17:08:01 - Secured GET /filmes/15
2025-07-15 17:08:01 - Securing GET /uploads/39a81d0f-078e-4af9-9558-3c845f6eefcf.jpg
2025-07-15 17:08:01 - Secured GET /uploads/39a81d0f-078e-4af9-9558-3c845f6eefcf.jpg
2025-07-15 17:08:01 - Retrieved SecurityContextImpl [Authentication=UsernamePasswordAuthenticationToken [Principal=org.springframework.security.core.userdetails.User [Username=pjunior954@gmail.com, Password=[PROTECTED], Enabled=true, AccountNonExpired=true, CredentialsNonExpired=true, AccountNonLocked=true, Granted Authorities=[USER]], Credentials=[PROTECTED], Authenticated=true, Details=WebAuthenticationDetails [RemoteIpAddress=0:0:0:0:0:0:0:1, SessionId=58ED11C1A0EC60CB69D324FE1C488DCE], Granted Authorities=[USER]]]
2025-07-15 17:08:07 - Securing POST /filmes/deletar/14
2025-07-15 17:08:07 - Retrieved SecurityContextImpl [Authentication=UsernamePasswordAuthenticationToken [Principal=org.springframework.security.core.userdetails.User [Username=pjunior954@gmail.com, Password=[PROTECTED], Enabled=true, AccountNonExpired=true, CredentialsNonExpired=true, AccountNonLocked=true, Granted Authorities=[USER]], Credentials=[PROTECTED], Authenticated=true, Details=WebAuthenticationDetails [RemoteIpAddress=0:0:0:0:0:0:0:1, SessionId=58ED11C1A0EC60CB69D324FE1C488DCE], Granted Authorities=[USER]]]
2025-07-15 17:08:07 - Secured POST /filmes/deletar/14
2025-07-15 17:08:08 - Securing POST /filmes/deletar/14
2025-07-15 17:08:08 - Retrieved SecurityContextImpl [Authentication=UsernamePasswordAuthenticationToken [Principal=org.springframework.security.core.userdetails.User [Username=pjunior954@gmail.com, Password=[PROTECTED], Enabled=true, AccountNonExpired=true, CredentialsNonExpired=true, AccountNonLocked=true, Granted Authorities=[USER]], Credentials=[PROTECTED], Authenticated=true, Details=WebAuthenticationDetails [RemoteIpAddress=0:0:0:0:0:0:0:1, SessionId=58ED11C1A0EC60CB69D324FE1C488DCE], Granted Authorities=[USER]]]
2025-07-15 17:08:08 - Secured POST /filmes/deletar/14
2025-07-15 17:08:08 - Resolved [com.example.Locadora_Filmes.exceptions.NotFoundResource: Filme com id 14 inexistente!]
2025-07-15 17:08:12 - Securing POST /filmes/deletar/14
2025-07-15 17:08:12 - Retrieved SecurityContextImpl [Authentication=UsernamePasswordAuthenticationToken [Principal=org.springframework.security.core.userdetails.User [Username=pjunior954@gmail.com, Password=[PROTECTED], Enabled=true, AccountNonExpired=true, CredentialsNonExpired=true, AccountNonLocked=true, Granted Authorities=[USER]], Credentials=[PROTECTED], Authenticated=true, Details=WebAuthenticationDetails [RemoteIpAddress=0:0:0:0:0:0:0:1, SessionId=58ED11C1A0EC60CB69D324FE1C488DCE], Granted Authorities=[USER]]]
2025-07-15 17:08:12 - Secured POST /filmes/deletar/14
2025-07-15 17:08:12 - Resolved [com.example.Locadora_Filmes.exceptions.NotFoundResource: Filme com id 14 inexistente!]
2025-07-15 17:08:13 - Securing GET /filmes
2025-07-15 17:08:13 - Retrieved SecurityContextImpl [Authentication=UsernamePasswordAuthenticationToken [Principal=org.springframework.security.core.userdetails.User [Username=pjunior954@gmail.com, Password=[PROTECTED], Enabled=true, AccountNonExpired=true, CredentialsNonExpired=true, AccountNonLocked=true, Granted Authorities=[USER]], Credentials=[PROTECTED], Authenticated=true, Details=WebAuthenticationDetails [RemoteIpAddress=0:0:0:0:0:0:0:1, SessionId=58ED11C1A0EC60CB69D324FE1C488DCE], Granted Authorities=[USER]]]
2025-07-15 17:08:13 - Secured GET /filmes
2025-07-15 17:08:13 - Securing GET /script.js
2025-07-15 17:08:13 - Retrieved SecurityContextImpl [Authentication=UsernamePasswordAuthenticationToken [Principal=org.springframework.security.core.userdetails.User [Username=pjunior954@gmail.com, Password=[PROTECTED], Enabled=true, AccountNonExpired=true, CredentialsNonExpired=true, AccountNonLocked=true, Granted Authorities=[USER]], Credentials=[PROTECTED], Authenticated=true, Details=WebAuthenticationDetails [RemoteIpAddress=0:0:0:0:0:0:0:1, SessionId=58ED11C1A0EC60CB69D324FE1C488DCE], Granted Authorities=[USER]]]
2025-07-15 17:08:13 - Secured GET /script.js
2025-07-15 17:08:13 - Resolved [org.springframework.web.servlet.resource.NoResourceFoundException: No static resource script.js.]
2025-07-15 17:08:16 - Securing GET /favicon.ico
2025-07-15 17:08:16 - Retrieved SecurityContextImpl [Authentication=UsernamePasswordAuthenticationToken [Principal=org.springframework.security.core.userdetails.User [Username=pjunior954@gmail.com, Password=[PROTECTED], Enabled=true, AccountNonExpired=true, CredentialsNonExpired=true, AccountNonLocked=true, Granted Authorities=[USER]], Credentials=[PROTECTED], Authenticated=true, Details=WebAuthenticationDetails [RemoteIpAddress=0:0:0:0:0:0:0:1, SessionId=58ED11C1A0EC60CB69D324FE1C488DCE], Granted Authorities=[USER]]]
2025-07-15 17:08:16 - Secured GET /favicon.ico
2025-07-15 17:08:16 - Resolved [org.springframework.web.servlet.resource.NoResourceFoundException: No static resource favicon.ico.]
2025-07-15 17:08:16 - Securing POST /filmes/deletar/15
2025-07-15 17:08:16 - Retrieved SecurityContextImpl [Authentication=UsernamePasswordAuthenticationToken [Principal=org.springframework.security.core.userdetails.User [Username=pjunior954@gmail.com, Password=[PROTECTED], Enabled=true, AccountNonExpired=true, CredentialsNonExpired=true, AccountNonLocked=true, Granted Authorities=[USER]], Credentials=[PROTECTED], Authenticated=true, Details=WebAuthenticationDetails [RemoteIpAddress=0:0:0:0:0:0:0:1, SessionId=58ED11C1A0EC60CB69D324FE1C488DCE], Granted Authorities=[USER]]]
2025-07-15 17:08:16 - Secured POST /filmes/deletar/15
2025-07-15 17:08:16 - Securing GET /filmes
2025-07-15 17:08:16 - Retrieved SecurityContextImpl [Authentication=UsernamePasswordAuthenticationToken [Principal=org.springframework.security.core.userdetails.User [Username=pjunior954@gmail.com, Password=[PROTECTED], Enabled=true, AccountNonExpired=true, CredentialsNonExpired=true, AccountNonLocked=true, Granted Authorities=[USER]], Credentials=[PROTECTED], Authenticated=true, Details=WebAuthenticationDetails [RemoteIpAddress=0:0:0:0:0:0:0:1, SessionId=58ED11C1A0EC60CB69D324FE1C488DCE], Granted Authorities=[USER]]]
2025-07-15 17:08:16 - Secured GET /filmes
2025-07-15 17:08:16 - Securing GET /script.js
2025-07-15 17:08:16 - Retrieved SecurityContextImpl [Authentication=UsernamePasswordAuthenticationToken [Principal=org.springframework.security.core.userdetails.User [Username=pjunior954@gmail.com, Password=[PROTECTED], Enabled=true, AccountNonExpired=true, CredentialsNonExpired=true, AccountNonLocked=true, Granted Authorities=[USER]], Credentials=[PROTECTED], Authenticated=true, Details=WebAuthenticationDetails [RemoteIpAddress=0:0:0:0:0:0:0:1, SessionId=58ED11C1A0EC60CB69D324FE1C488DCE], Granted Authorities=[USER]]]
2025-07-15 17:08:16 - Secured GET /script.js
2025-07-15 17:08:16 - Resolved [org.springframework.web.servlet.resource.NoResourceFoundException: No static resource script.js.]
2025-07-15 17:08:16 - Securing GET /favicon.ico
2025-07-15 17:08:16 - Retrieved SecurityContextImpl [Authentication=UsernamePasswordAuthenticationToken [Principal=org.springframework.security.core.userdetails.User [Username=pjunior954@gmail.com, Password=[PROTECTED], Enabled=true, AccountNonExpired=true, CredentialsNonExpired=true, AccountNonLocked=true, Granted Authorities=[USER]], Credentials=[PROTECTED], Authenticated=true, Details=WebAuthenticationDetails [RemoteIpAddress=0:0:0:0:0:0:0:1, SessionId=58ED11C1A0EC60CB69D324FE1C488DCE], Granted Authorities=[USER]]]
2025-07-15 17:08:16 - Secured GET /favicon.ico
2025-07-15 17:08:16 - Resolved [org.springframework.web.servlet.resource.NoResourceFoundException: No static resource favicon.ico.]
2025-07-15 17:08:18 - Securing GET /filmes
2025-07-15 17:08:18 - Retrieved SecurityContextImpl [Authentication=UsernamePasswordAuthenticationToken [Principal=org.springframework.security.core.userdetails.User [Username=pjunior954@gmail.com, Password=[PROTECTED], Enabled=true, AccountNonExpired=true, CredentialsNonExpired=true, AccountNonLocked=true, Granted Authorities=[USER]], Credentials=[PROTECTED], Authenticated=true, Details=WebAuthenticationDetails [RemoteIpAddress=0:0:0:0:0:0:0:1, SessionId=58ED11C1A0EC60CB69D324FE1C488DCE], Granted Authorities=[USER]]]
2025-07-15 17:08:18 - Secured GET /filmes
2025-07-15 17:08:18 - Securing GET /script.js
2025-07-15 17:08:18 - Retrieved SecurityContextImpl [Authentication=UsernamePasswordAuthenticationToken [Principal=org.springframework.security.core.userdetails.User [Username=pjunior954@gmail.com, Password=[PROTECTED], Enabled=true, AccountNonExpired=true, CredentialsNonExpired=true, AccountNonLocked=true, Granted Authorities=[USER]], Credentials=[PROTECTED], Authenticated=true, Details=WebAuthenticationDetails [RemoteIpAddress=0:0:0:0:0:0:0:1, SessionId=58ED11C1A0EC60CB69D324FE1C488DCE], Granted Authorities=[USER]]]
2025-07-15 17:08:18 - Secured GET /script.js
2025-07-15 17:08:18 - Resolved [org.springframework.web.servlet.resource.NoResourceFoundException: No static resource script.js.]
2025-07-15 17:08:18 - Securing GET /favicon.ico
2025-07-15 17:08:18 - Retrieved SecurityContextImpl [Authentication=UsernamePasswordAuthenticationToken [Principal=org.springframework.security.core.userdetails.User [Username=pjunior954@gmail.com, Password=[PROTECTED], Enabled=true, AccountNonExpired=true, CredentialsNonExpired=true, AccountNonLocked=true, Granted Authorities=[USER]], Credentials=[PROTECTED], Authenticated=true, Details=WebAuthenticationDetails [RemoteIpAddress=0:0:0:0:0:0:0:1, SessionId=58ED11C1A0EC60CB69D324FE1C488DCE], Granted Authorities=[USER]]]
2025-07-15 17:08:18 - Secured GET /favicon.ico
2025-07-15 17:08:18 - Resolved [org.springframework.web.servlet.resource.NoResourceFoundException: No static resource favicon.ico.]
2025-07-15 17:08:31 - Commencing graceful shutdown. Waiting for active requests to complete
2025-07-15 17:08:31 - Graceful shutdown complete
2025-07-15 17:08:31 - Closing JPA EntityManagerFactory for persistence unit 'default'
2025-07-15 17:08:31 - HikariPool-1 - Shutdown initiated...
2025-07-15 17:08:31 - HikariPool-1 - Shutdown completed.
2025-07-15 17:27:38 - Starting LocadoraFilmesApplication using Java 24.0.1 with PID 10632 (C:\Users\extre\Documents\Locadora-Filmes\target\classes started by extre in C:\Users\extre\Documents\Locadora-Filmes)
2025-07-15 17:27:38 - Running with Spring Boot v3.5.3, Spring v6.2.8
2025-07-15 17:27:38 - No active profile set, falling back to 1 default profile: "default"
2025-07-15 17:27:38 - Devtools property defaults active! Set 'spring.devtools.add-properties' to 'false' to disable
2025-07-15 17:27:38 - For additional web related logging consider setting the 'logging.level.web' property to 'DEBUG'
2025-07-15 17:27:40 - Bootstrapping Spring Data JPA repositories in DEFAULT mode.
2025-07-15 17:27:40 - Finished Spring Data repository scanning in 131 ms. Found 2 JPA repository interfaces.
2025-07-15 17:27:41 - Tomcat initialized with port 8080 (http)
2025-07-15 17:27:41 - Starting service [Tomcat]
2025-07-15 17:27:41 - Starting Servlet engine: [Apache Tomcat/10.1.42]
2025-07-15 17:27:41 - Initializing Spring embedded WebApplicationContext
2025-07-15 17:27:41 - Root WebApplicationContext: initialization completed in 3423 ms
2025-07-15 17:27:42 - HikariPool-1 - Starting...
2025-07-15 17:27:42 - HikariPool-1 - Added connection org.postgresql.jdbc.PgConnection@4075d91b
2025-07-15 17:27:42 - HikariPool-1 - Start completed.
2025-07-15 17:27:43 - HHH000204: Processing PersistenceUnitInfo [name: default]
2025-07-15 17:27:43 - HHH000412: Hibernate ORM core version 6.6.18.Final
2025-07-15 17:27:43 - HHH000026: Second-level cache disabled
2025-07-15 17:27:44 - No LoadTimeWeaver setup: ignoring JPA class transformer
2025-07-15 17:27:44 - HHH90000025: PostgreSQLDialect does not need to be specified explicitly using 'hibernate.dialect' (remove the property setting and it will be selected by default)
2025-07-15 17:27:44 - HHH10001005: Database info:
	Database JDBC URL [Connecting through datasource 'HikariDataSource (HikariPool-1)']
	Database driver: undefined/unknown
	Database version: 17.5
	Autocommit mode: undefined/unknown
	Isolation level: undefined/unknown
	Minimum pool size: undefined/unknown
	Maximum pool size: undefined/unknown
2025-07-15 17:27:45 - HHH000489: No JTA platform available (set 'hibernate.transaction.jta.platform' to enable JTA platform integration)
2025-07-15 17:27:46 - Initialized JPA EntityManagerFactory for persistence unit 'default'
2025-07-15 17:27:46 - Hibernate is in classpath; If applicable, HQL parser will be used.
2025-07-15 17:27:47 - spring.jpa.open-in-view is enabled by default. Therefore, database queries may be performed during view rendering. Explicitly configure spring.jpa.open-in-view to disable this warning
2025-07-15 17:27:47 - Configurando DaoAuthenticationProvider...
2025-07-15 17:27:47 - DaoAuthenticationProvider configurado
2025-07-15 17:27:47 - Global AuthenticationManager configured with AuthenticationProvider bean with name authenticationProvider
2025-07-15 17:27:47 - Global AuthenticationManager configured with an AuthenticationProvider bean. UserDetailsService beans will not be used by Spring Security for automatically configuring username/password login. Consider removing the AuthenticationProvider bean. Alternatively, consider using the UserDetailsService in a manually instantiated DaoAuthenticationProvider. If the current configuration is intentional, to turn off this warning, increase the logging level of 'org.springframework.security.config.annotation.authentication.configuration.InitializeUserDetailsBeanManagerConfigurer' to ERROR
2025-07-15 17:27:47 - Configurando Spring Security...
2025-07-15 17:27:47 - Spring Security configurado com sucesso
2025-07-15 17:27:47 - Will secure any request with filters: DisableEncodeUrlFilter, WebAsyncManagerIntegrationFilter, SecurityContextHolderFilter, HeaderWriterFilter, LogoutFilter, UsernamePasswordAuthenticationFilter, RequestCacheAwareFilter, SecurityContextHolderAwareRequestFilter, AnonymousAuthenticationFilter, ExceptionTranslationFilter, AuthorizationFilter
2025-07-15 17:27:48 - LiveReload server is running on port 35729
2025-07-15 17:27:48 - Tomcat started on port 8080 (http) with context path '/'
2025-07-15 17:27:48 - Started LocadoraFilmesApplication in 10.937 seconds (process running for 12.055)
2025-07-15 17:27:49 - Initializing Spring DispatcherServlet 'dispatcherServlet'
2025-07-15 17:27:49 - Initializing Servlet 'dispatcherServlet'
2025-07-15 17:27:49 - Completed initialization in 2 ms
2025-07-15 17:27:49 - Securing GET /filmes
2025-07-15 17:27:49 - Retrieved SecurityContextImpl [Authentication=UsernamePasswordAuthenticationToken [Principal=org.springframework.security.core.userdetails.User [Username=pjunior954@gmail.com, Password=[PROTECTED], Enabled=true, AccountNonExpired=true, CredentialsNonExpired=true, AccountNonLocked=true, Granted Authorities=[USER]], Credentials=[PROTECTED], Authenticated=true, Details=WebAuthenticationDetails [RemoteIpAddress=0:0:0:0:0:0:0:1, SessionId=58ED11C1A0EC60CB69D324FE1C488DCE], Granted Authorities=[USER]]]
2025-07-15 17:27:49 - Secured GET /filmes
2025-07-15 17:27:49 - Securing GET /script.js
2025-07-15 17:27:49 - Retrieved SecurityContextImpl [Authentication=UsernamePasswordAuthenticationToken [Principal=org.springframework.security.core.userdetails.User [Username=pjunior954@gmail.com, Password=[PROTECTED], Enabled=true, AccountNonExpired=true, CredentialsNonExpired=true, AccountNonLocked=true, Granted Authorities=[USER]], Credentials=[PROTECTED], Authenticated=true, Details=WebAuthenticationDetails [RemoteIpAddress=0:0:0:0:0:0:0:1, SessionId=58ED11C1A0EC60CB69D324FE1C488DCE], Granted Authorities=[USER]]]
2025-07-15 17:27:49 - Secured GET /script.js
2025-07-15 17:27:50 - Resolved [org.springframework.web.servlet.resource.NoResourceFoundException: No static resource script.js.]
2025-07-15 17:27:50 - Securing GET /favicon.ico
2025-07-15 17:27:50 - Retrieved SecurityContextImpl [Authentication=UsernamePasswordAuthenticationToken [Principal=org.springframework.security.core.userdetails.User [Username=pjunior954@gmail.com, Password=[PROTECTED], Enabled=true, AccountNonExpired=true, CredentialsNonExpired=true, AccountNonLocked=true, Granted Authorities=[USER]], Credentials=[PROTECTED], Authenticated=true, Details=WebAuthenticationDetails [RemoteIpAddress=0:0:0:0:0:0:0:1, SessionId=58ED11C1A0EC60CB69D324FE1C488DCE], Granted Authorities=[USER]]]
2025-07-15 17:27:50 - Secured GET /favicon.ico
2025-07-15 17:27:50 - Resolved [org.springframework.web.servlet.resource.NoResourceFoundException: No static resource favicon.ico.]
2025-07-15 17:27:55 - Securing GET /filmes
2025-07-15 17:27:55 - Retrieved SecurityContextImpl [Authentication=UsernamePasswordAuthenticationToken [Principal=org.springframework.security.core.userdetails.User [Username=pjunior954@gmail.com, Password=[PROTECTED], Enabled=true, AccountNonExpired=true, CredentialsNonExpired=true, AccountNonLocked=true, Granted Authorities=[USER]], Credentials=[PROTECTED], Authenticated=true, Details=WebAuthenticationDetails [RemoteIpAddress=0:0:0:0:0:0:0:1, SessionId=58ED11C1A0EC60CB69D324FE1C488DCE], Granted Authorities=[USER]]]
2025-07-15 17:27:55 - Secured GET /filmes
2025-07-15 17:27:55 - Securing GET /script.js
2025-07-15 17:27:55 - Retrieved SecurityContextImpl [Authentication=UsernamePasswordAuthenticationToken [Principal=org.springframework.security.core.userdetails.User [Username=pjunior954@gmail.com, Password=[PROTECTED], Enabled=true, AccountNonExpired=true, CredentialsNonExpired=true, AccountNonLocked=true, Granted Authorities=[USER]], Credentials=[PROTECTED], Authenticated=true, Details=WebAuthenticationDetails [RemoteIpAddress=0:0:0:0:0:0:0:1, SessionId=58ED11C1A0EC60CB69D324FE1C488DCE], Granted Authorities=[USER]]]
2025-07-15 17:27:55 - Secured GET /script.js
2025-07-15 17:27:55 - Resolved [org.springframework.web.servlet.resource.NoResourceFoundException: No static resource script.js.]
2025-07-15 17:27:55 - Securing GET /favicon.ico
2025-07-15 17:27:55 - Retrieved SecurityContextImpl [Authentication=UsernamePasswordAuthenticationToken [Principal=org.springframework.security.core.userdetails.User [Username=pjunior954@gmail.com, Password=[PROTECTED], Enabled=true, AccountNonExpired=true, CredentialsNonExpired=true, AccountNonLocked=true, Granted Authorities=[USER]], Credentials=[PROTECTED], Authenticated=true, Details=WebAuthenticationDetails [RemoteIpAddress=0:0:0:0:0:0:0:1, SessionId=58ED11C1A0EC60CB69D324FE1C488DCE], Granted Authorities=[USER]]]
2025-07-15 17:27:55 - Secured GET /favicon.ico
2025-07-15 17:27:55 - Resolved [org.springframework.web.servlet.resource.NoResourceFoundException: No static resource favicon.ico.]
2025-07-15 17:28:16 - Securing POST /filmes/adicionar
2025-07-15 17:28:16 - Retrieved SecurityContextImpl [Authentication=UsernamePasswordAuthenticationToken [Principal=org.springframework.security.core.userdetails.User [Username=pjunior954@gmail.com, Password=[PROTECTED], Enabled=true, AccountNonExpired=true, CredentialsNonExpired=true, AccountNonLocked=true, Granted Authorities=[USER]], Credentials=[PROTECTED], Authenticated=true, Details=WebAuthenticationDetails [RemoteIpAddress=0:0:0:0:0:0:0:1, SessionId=58ED11C1A0EC60CB69D324FE1C488DCE], Granted Authorities=[USER]]]
2025-07-15 17:28:16 - Secured POST /filmes/adicionar
2025-07-15 17:28:16 - Securing GET /filmes
2025-07-15 17:28:16 - Retrieved SecurityContextImpl [Authentication=UsernamePasswordAuthenticationToken [Principal=org.springframework.security.core.userdetails.User [Username=pjunior954@gmail.com, Password=[PROTECTED], Enabled=true, AccountNonExpired=true, CredentialsNonExpired=true, AccountNonLocked=true, Granted Authorities=[USER]], Credentials=[PROTECTED], Authenticated=true, Details=WebAuthenticationDetails [RemoteIpAddress=0:0:0:0:0:0:0:1, SessionId=58ED11C1A0EC60CB69D324FE1C488DCE], Granted Authorities=[USER]]]
2025-07-15 17:28:16 - Secured GET /filmes
2025-07-15 17:28:16 - Securing GET /uploads/f70372d2-7e6d-4e3f-93cd-96f22d1ad684.jpg
2025-07-15 17:28:16 - Secured GET /uploads/f70372d2-7e6d-4e3f-93cd-96f22d1ad684.jpg
2025-07-15 17:28:16 - Securing GET /script.js
2025-07-15 17:28:16 - Retrieved SecurityContextImpl [Authentication=UsernamePasswordAuthenticationToken [Principal=org.springframework.security.core.userdetails.User [Username=pjunior954@gmail.com, Password=[PROTECTED], Enabled=true, AccountNonExpired=true, CredentialsNonExpired=true, AccountNonLocked=true, Granted Authorities=[USER]], Credentials=[PROTECTED], Authenticated=true, Details=WebAuthenticationDetails [RemoteIpAddress=0:0:0:0:0:0:0:1, SessionId=58ED11C1A0EC60CB69D324FE1C488DCE], Granted Authorities=[USER]]]
2025-07-15 17:28:16 - Secured GET /script.js
2025-07-15 17:28:16 - Resolved [org.springframework.web.servlet.resource.NoResourceFoundException: No static resource uploads/f70372d2-7e6d-4e3f-93cd-96f22d1ad684.jpg.]
2025-07-15 17:28:16 - Retrieved SecurityContextImpl [Authentication=UsernamePasswordAuthenticationToken [Principal=org.springframework.security.core.userdetails.User [Username=pjunior954@gmail.com, Password=[PROTECTED], Enabled=true, AccountNonExpired=true, CredentialsNonExpired=true, AccountNonLocked=true, Granted Authorities=[USER]], Credentials=[PROTECTED], Authenticated=true, Details=WebAuthenticationDetails [RemoteIpAddress=0:0:0:0:0:0:0:1, SessionId=58ED11C1A0EC60CB69D324FE1C488DCE], Granted Authorities=[USER]]]
2025-07-15 17:28:16 - Resolved [org.springframework.web.servlet.resource.NoResourceFoundException: No static resource script.js.]
2025-07-15 17:28:17 - Securing GET /filmes/16
2025-07-15 17:28:17 - Retrieved SecurityContextImpl [Authentication=UsernamePasswordAuthenticationToken [Principal=org.springframework.security.core.userdetails.User [Username=pjunior954@gmail.com, Password=[PROTECTED], Enabled=true, AccountNonExpired=true, CredentialsNonExpired=true, AccountNonLocked=true, Granted Authorities=[USER]], Credentials=[PROTECTED], Authenticated=true, Details=WebAuthenticationDetails [RemoteIpAddress=0:0:0:0:0:0:0:1, SessionId=58ED11C1A0EC60CB69D324FE1C488DCE], Granted Authorities=[USER]]]
2025-07-15 17:28:17 - Secured GET /filmes/16
2025-07-15 17:28:17 - Securing GET /uploads/f70372d2-7e6d-4e3f-93cd-96f22d1ad684.jpg
2025-07-15 17:28:17 - Secured GET /uploads/f70372d2-7e6d-4e3f-93cd-96f22d1ad684.jpg
2025-07-15 17:28:17 - Resolved [org.springframework.web.servlet.resource.NoResourceFoundException: No static resource uploads/f70372d2-7e6d-4e3f-93cd-96f22d1ad684.jpg.]
2025-07-15 17:28:17 - Retrieved SecurityContextImpl [Authentication=UsernamePasswordAuthenticationToken [Principal=org.springframework.security.core.userdetails.User [Username=pjunior954@gmail.com, Password=[PROTECTED], Enabled=true, AccountNonExpired=true, CredentialsNonExpired=true, AccountNonLocked=true, Granted Authorities=[USER]], Credentials=[PROTECTED], Authenticated=true, Details=WebAuthenticationDetails [RemoteIpAddress=0:0:0:0:0:0:0:1, SessionId=58ED11C1A0EC60CB69D324FE1C488DCE], Granted Authorities=[USER]]]
2025-07-15 17:28:22 - Securing GET /filmes
2025-07-15 17:28:22 - Retrieved SecurityContextImpl [Authentication=UsernamePasswordAuthenticationToken [Principal=org.springframework.security.core.userdetails.User [Username=pjunior954@gmail.com, Password=[PROTECTED], Enabled=true, AccountNonExpired=true, CredentialsNonExpired=true, AccountNonLocked=true, Granted Authorities=[USER]], Credentials=[PROTECTED], Authenticated=true, Details=WebAuthenticationDetails [RemoteIpAddress=0:0:0:0:0:0:0:1, SessionId=58ED11C1A0EC60CB69D324FE1C488DCE], Granted Authorities=[USER]]]
2025-07-15 17:28:22 - Secured GET /filmes
2025-07-15 17:28:22 - Securing GET /uploads/f70372d2-7e6d-4e3f-93cd-96f22d1ad684.jpg
2025-07-15 17:28:22 - Secured GET /uploads/f70372d2-7e6d-4e3f-93cd-96f22d1ad684.jpg
2025-07-15 17:28:22 - Securing GET /script.js
2025-07-15 17:28:22 - Retrieved SecurityContextImpl [Authentication=UsernamePasswordAuthenticationToken [Principal=org.springframework.security.core.userdetails.User [Username=pjunior954@gmail.com, Password=[PROTECTED], Enabled=true, AccountNonExpired=true, CredentialsNonExpired=true, AccountNonLocked=true, Granted Authorities=[USER]], Credentials=[PROTECTED], Authenticated=true, Details=WebAuthenticationDetails [RemoteIpAddress=0:0:0:0:0:0:0:1, SessionId=58ED11C1A0EC60CB69D324FE1C488DCE], Granted Authorities=[USER]]]
2025-07-15 17:28:22 - Secured GET /script.js
2025-07-15 17:28:22 - Resolved [org.springframework.web.servlet.resource.NoResourceFoundException: No static resource uploads/f70372d2-7e6d-4e3f-93cd-96f22d1ad684.jpg.]
2025-07-15 17:28:22 - Retrieved SecurityContextImpl [Authentication=UsernamePasswordAuthenticationToken [Principal=org.springframework.security.core.userdetails.User [Username=pjunior954@gmail.com, Password=[PROTECTED], Enabled=true, AccountNonExpired=true, CredentialsNonExpired=true, AccountNonLocked=true, Granted Authorities=[USER]], Credentials=[PROTECTED], Authenticated=true, Details=WebAuthenticationDetails [RemoteIpAddress=0:0:0:0:0:0:0:1, SessionId=58ED11C1A0EC60CB69D324FE1C488DCE], Granted Authorities=[USER]]]
2025-07-15 17:28:22 - Resolved [org.springframework.web.servlet.resource.NoResourceFoundException: No static resource script.js.]
2025-07-15 17:28:22 - Securing GET /filmes
2025-07-15 17:28:22 - Retrieved SecurityContextImpl [Authentication=UsernamePasswordAuthenticationToken [Principal=org.springframework.security.core.userdetails.User [Username=pjunior954@gmail.com, Password=[PROTECTED], Enabled=true, AccountNonExpired=true, CredentialsNonExpired=true, AccountNonLocked=true, Granted Authorities=[USER]], Credentials=[PROTECTED], Authenticated=true, Details=WebAuthenticationDetails [RemoteIpAddress=0:0:0:0:0:0:0:1, SessionId=58ED11C1A0EC60CB69D324FE1C488DCE], Granted Authorities=[USER]]]
2025-07-15 17:28:22 - Secured GET /filmes
2025-07-15 17:28:22 - Securing GET /uploads/f70372d2-7e6d-4e3f-93cd-96f22d1ad684.jpg
2025-07-15 17:28:22 - Securing GET /script.js
2025-07-15 17:28:22 - Secured GET /uploads/f70372d2-7e6d-4e3f-93cd-96f22d1ad684.jpg
2025-07-15 17:28:22 - Retrieved SecurityContextImpl [Authentication=UsernamePasswordAuthenticationToken [Principal=org.springframework.security.core.userdetails.User [Username=pjunior954@gmail.com, Password=[PROTECTED], Enabled=true, AccountNonExpired=true, CredentialsNonExpired=true, AccountNonLocked=true, Granted Authorities=[USER]], Credentials=[PROTECTED], Authenticated=true, Details=WebAuthenticationDetails [RemoteIpAddress=0:0:0:0:0:0:0:1, SessionId=58ED11C1A0EC60CB69D324FE1C488DCE], Granted Authorities=[USER]]]
2025-07-15 17:28:22 - Secured GET /script.js
2025-07-15 17:28:22 - Resolved [org.springframework.web.servlet.resource.NoResourceFoundException: No static resource uploads/f70372d2-7e6d-4e3f-93cd-96f22d1ad684.jpg.]
2025-07-15 17:28:22 - Resolved [org.springframework.web.servlet.resource.NoResourceFoundException: No static resource script.js.]
2025-07-15 17:28:22 - Retrieved SecurityContextImpl [Authentication=UsernamePasswordAuthenticationToken [Principal=org.springframework.security.core.userdetails.User [Username=pjunior954@gmail.com, Password=[PROTECTED], Enabled=true, AccountNonExpired=true, CredentialsNonExpired=true, AccountNonLocked=true, Granted Authorities=[USER]], Credentials=[PROTECTED], Authenticated=true, Details=WebAuthenticationDetails [RemoteIpAddress=0:0:0:0:0:0:0:1, SessionId=58ED11C1A0EC60CB69D324FE1C488DCE], Granted Authorities=[USER]]]
2025-07-15 17:28:22 - Securing GET /filmes
2025-07-15 17:28:22 - Retrieved SecurityContextImpl [Authentication=UsernamePasswordAuthenticationToken [Principal=org.springframework.security.core.userdetails.User [Username=pjunior954@gmail.com, Password=[PROTECTED], Enabled=true, AccountNonExpired=true, CredentialsNonExpired=true, AccountNonLocked=true, Granted Authorities=[USER]], Credentials=[PROTECTED], Authenticated=true, Details=WebAuthenticationDetails [RemoteIpAddress=0:0:0:0:0:0:0:1, SessionId=58ED11C1A0EC60CB69D324FE1C488DCE], Granted Authorities=[USER]]]
2025-07-15 17:28:22 - Secured GET /filmes
2025-07-15 17:28:22 - Securing GET /script.js
2025-07-15 17:28:22 - Retrieved SecurityContextImpl [Authentication=UsernamePasswordAuthenticationToken [Principal=org.springframework.security.core.userdetails.User [Username=pjunior954@gmail.com, Password=[PROTECTED], Enabled=true, AccountNonExpired=true, CredentialsNonExpired=true, AccountNonLocked=true, Granted Authorities=[USER]], Credentials=[PROTECTED], Authenticated=true, Details=WebAuthenticationDetails [RemoteIpAddress=0:0:0:0:0:0:0:1, SessionId=58ED11C1A0EC60CB69D324FE1C488DCE], Granted Authorities=[USER]]]
2025-07-15 17:28:22 - Secured GET /script.js
2025-07-15 17:28:22 - Securing GET /uploads/f70372d2-7e6d-4e3f-93cd-96f22d1ad684.jpg
2025-07-15 17:28:22 - Secured GET /uploads/f70372d2-7e6d-4e3f-93cd-96f22d1ad684.jpg
2025-07-15 17:28:22 - Resolved [org.springframework.web.servlet.resource.NoResourceFoundException: No static resource script.js.]
2025-07-15 17:28:22 - Resolved [org.springframework.web.servlet.resource.NoResourceFoundException: No static resource uploads/f70372d2-7e6d-4e3f-93cd-96f22d1ad684.jpg.]
2025-07-15 17:28:22 - Retrieved SecurityContextImpl [Authentication=UsernamePasswordAuthenticationToken [Principal=org.springframework.security.core.userdetails.User [Username=pjunior954@gmail.com, Password=[PROTECTED], Enabled=true, AccountNonExpired=true, CredentialsNonExpired=true, AccountNonLocked=true, Granted Authorities=[USER]], Credentials=[PROTECTED], Authenticated=true, Details=WebAuthenticationDetails [RemoteIpAddress=0:0:0:0:0:0:0:1, SessionId=58ED11C1A0EC60CB69D324FE1C488DCE], Granted Authorities=[USER]]]
2025-07-15 17:28:22 - Securing GET /filmes
2025-07-15 17:28:22 - Retrieved SecurityContextImpl [Authentication=UsernamePasswordAuthenticationToken [Principal=org.springframework.security.core.userdetails.User [Username=pjunior954@gmail.com, Password=[PROTECTED], Enabled=true, AccountNonExpired=true, CredentialsNonExpired=true, AccountNonLocked=true, Granted Authorities=[USER]], Credentials=[PROTECTED], Authenticated=true, Details=WebAuthenticationDetails [RemoteIpAddress=0:0:0:0:0:0:0:1, SessionId=58ED11C1A0EC60CB69D324FE1C488DCE], Granted Authorities=[USER]]]
2025-07-15 17:28:22 - Secured GET /filmes
2025-07-15 17:28:22 - Securing GET /script.js
2025-07-15 17:28:22 - Securing GET /uploads/f70372d2-7e6d-4e3f-93cd-96f22d1ad684.jpg
2025-07-15 17:28:22 - Secured GET /uploads/f70372d2-7e6d-4e3f-93cd-96f22d1ad684.jpg
2025-07-15 17:28:22 - Retrieved SecurityContextImpl [Authentication=UsernamePasswordAuthenticationToken [Principal=org.springframework.security.core.userdetails.User [Username=pjunior954@gmail.com, Password=[PROTECTED], Enabled=true, AccountNonExpired=true, CredentialsNonExpired=true, AccountNonLocked=true, Granted Authorities=[USER]], Credentials=[PROTECTED], Authenticated=true, Details=WebAuthenticationDetails [RemoteIpAddress=0:0:0:0:0:0:0:1, SessionId=58ED11C1A0EC60CB69D324FE1C488DCE], Granted Authorities=[USER]]]
2025-07-15 17:28:22 - Secured GET /script.js
2025-07-15 17:28:22 - Resolved [org.springframework.web.servlet.resource.NoResourceFoundException: No static resource uploads/f70372d2-7e6d-4e3f-93cd-96f22d1ad684.jpg.]
2025-07-15 17:28:22 - Retrieved SecurityContextImpl [Authentication=UsernamePasswordAuthenticationToken [Principal=org.springframework.security.core.userdetails.User [Username=pjunior954@gmail.com, Password=[PROTECTED], Enabled=true, AccountNonExpired=true, CredentialsNonExpired=true, AccountNonLocked=true, Granted Authorities=[USER]], Credentials=[PROTECTED], Authenticated=true, Details=WebAuthenticationDetails [RemoteIpAddress=0:0:0:0:0:0:0:1, SessionId=58ED11C1A0EC60CB69D324FE1C488DCE], Granted Authorities=[USER]]]
2025-07-15 17:28:22 - Resolved [org.springframework.web.servlet.resource.NoResourceFoundException: No static resource script.js.]
2025-07-15 17:28:27 - Commencing graceful shutdown. Waiting for active requests to complete
2025-07-15 17:28:27 - Graceful shutdown complete
2025-07-15 17:28:27 - Closing JPA EntityManagerFactory for persistence unit 'default'
2025-07-15 17:28:27 - HikariPool-1 - Shutdown initiated...
2025-07-15 17:28:27 - HikariPool-1 - Shutdown completed.
2025-07-15 17:28:36 - Starting LocadoraFilmesApplication using Java 24.0.1 with PID 5024 (C:\Users\extre\Documents\Locadora-Filmes\target\classes started by extre in C:\Users\extre\Documents\Locadora-Filmes)
2025-07-15 17:28:36 - Running with Spring Boot v3.5.3, Spring v6.2.8
2025-07-15 17:28:36 - No active profile set, falling back to 1 default profile: "default"
2025-07-15 17:28:36 - Devtools property defaults active! Set 'spring.devtools.add-properties' to 'false' to disable
2025-07-15 17:28:36 - For additional web related logging consider setting the 'logging.level.web' property to 'DEBUG'
2025-07-15 17:28:37 - Bootstrapping Spring Data JPA repositories in DEFAULT mode.
2025-07-15 17:28:37 - Finished Spring Data repository scanning in 64 ms. Found 2 JPA repository interfaces.
2025-07-15 17:28:38 - Tomcat initialized with port 8080 (http)
2025-07-15 17:28:38 - Starting service [Tomcat]
2025-07-15 17:28:38 - Starting Servlet engine: [Apache Tomcat/10.1.42]
2025-07-15 17:28:38 - Initializing Spring embedded WebApplicationContext
2025-07-15 17:28:38 - Root WebApplicationContext: initialization completed in 2378 ms
2025-07-15 17:28:38 - HikariPool-1 - Starting...
2025-07-15 17:28:38 - HikariPool-1 - Added connection org.postgresql.jdbc.PgConnection@30f8de59
2025-07-15 17:28:38 - HikariPool-1 - Start completed.
2025-07-15 17:28:39 - HHH000204: Processing PersistenceUnitInfo [name: default]
2025-07-15 17:28:39 - HHH000412: Hibernate ORM core version 6.6.18.Final
2025-07-15 17:28:39 - HHH000026: Second-level cache disabled
2025-07-15 17:28:39 - No LoadTimeWeaver setup: ignoring JPA class transformer
2025-07-15 17:28:39 - HHH90000025: PostgreSQLDialect does not need to be specified explicitly using 'hibernate.dialect' (remove the property setting and it will be selected by default)
2025-07-15 17:28:39 - HHH10001005: Database info:
	Database JDBC URL [Connecting through datasource 'HikariDataSource (HikariPool-1)']
	Database driver: undefined/unknown
	Database version: 17.5
	Autocommit mode: undefined/unknown
	Isolation level: undefined/unknown
	Minimum pool size: undefined/unknown
	Maximum pool size: undefined/unknown
2025-07-15 17:28:41 - HHH000489: No JTA platform available (set 'hibernate.transaction.jta.platform' to enable JTA platform integration)
2025-07-15 17:28:41 - Initialized JPA EntityManagerFactory for persistence unit 'default'
2025-07-15 17:28:41 - Hibernate is in classpath; If applicable, HQL parser will be used.
2025-07-15 17:28:42 - spring.jpa.open-in-view is enabled by default. Therefore, database queries may be performed during view rendering. Explicitly configure spring.jpa.open-in-view to disable this warning
2025-07-15 17:28:42 - Configurando DaoAuthenticationProvider...
2025-07-15 17:28:42 - DaoAuthenticationProvider configurado
2025-07-15 17:28:42 - Global AuthenticationManager configured with AuthenticationProvider bean with name authenticationProvider
2025-07-15 17:28:42 - Global AuthenticationManager configured with an AuthenticationProvider bean. UserDetailsService beans will not be used by Spring Security for automatically configuring username/password login. Consider removing the AuthenticationProvider bean. Alternatively, consider using the UserDetailsService in a manually instantiated DaoAuthenticationProvider. If the current configuration is intentional, to turn off this warning, increase the logging level of 'org.springframework.security.config.annotation.authentication.configuration.InitializeUserDetailsBeanManagerConfigurer' to ERROR
2025-07-15 17:28:42 - Configurando Spring Security...
2025-07-15 17:28:42 - Spring Security configurado com sucesso
2025-07-15 17:28:42 - Will secure any request with filters: DisableEncodeUrlFilter, WebAsyncManagerIntegrationFilter, SecurityContextHolderFilter, HeaderWriterFilter, LogoutFilter, UsernamePasswordAuthenticationFilter, RequestCacheAwareFilter, SecurityContextHolderAwareRequestFilter, AnonymousAuthenticationFilter, ExceptionTranslationFilter, AuthorizationFilter
2025-07-15 17:28:43 - LiveReload server is running on port 35729
2025-07-15 17:28:43 - Tomcat started on port 8080 (http) with context path '/'
2025-07-15 17:28:43 - Started LocadoraFilmesApplication in 7.93 seconds (process running for 12.225)
2025-07-15 17:29:02 - Initializing Spring DispatcherServlet 'dispatcherServlet'
2025-07-15 17:29:02 - Initializing Servlet 'dispatcherServlet'
2025-07-15 17:29:02 - Completed initialization in 1 ms
2025-07-15 17:29:02 - Securing GET /filmes
2025-07-15 17:29:02 - Retrieved SecurityContextImpl [Authentication=UsernamePasswordAuthenticationToken [Principal=org.springframework.security.core.userdetails.User [Username=pjunior954@gmail.com, Password=[PROTECTED], Enabled=true, AccountNonExpired=true, CredentialsNonExpired=true, AccountNonLocked=true, Granted Authorities=[USER]], Credentials=[PROTECTED], Authenticated=true, Details=WebAuthenticationDetails [RemoteIpAddress=0:0:0:0:0:0:0:1, SessionId=58ED11C1A0EC60CB69D324FE1C488DCE], Granted Authorities=[USER]]]
2025-07-15 17:29:02 - Secured GET /filmes
2025-07-15 17:29:03 - Securing GET /script.js
2025-07-15 17:29:03 - Securing GET /uploads/f70372d2-7e6d-4e3f-93cd-96f22d1ad684.jpg
2025-07-15 17:29:03 - Secured GET /uploads/f70372d2-7e6d-4e3f-93cd-96f22d1ad684.jpg
2025-07-15 17:29:03 - Retrieved SecurityContextImpl [Authentication=UsernamePasswordAuthenticationToken [Principal=org.springframework.security.core.userdetails.User [Username=pjunior954@gmail.com, Password=[PROTECTED], Enabled=true, AccountNonExpired=true, CredentialsNonExpired=true, AccountNonLocked=true, Granted Authorities=[USER]], Credentials=[PROTECTED], Authenticated=true, Details=WebAuthenticationDetails [RemoteIpAddress=0:0:0:0:0:0:0:1, SessionId=58ED11C1A0EC60CB69D324FE1C488DCE], Granted Authorities=[USER]]]
2025-07-15 17:29:03 - Secured GET /script.js
2025-07-15 17:29:03 - Retrieved SecurityContextImpl [Authentication=UsernamePasswordAuthenticationToken [Principal=org.springframework.security.core.userdetails.User [Username=pjunior954@gmail.com, Password=[PROTECTED], Enabled=true, AccountNonExpired=true, CredentialsNonExpired=true, AccountNonLocked=true, Granted Authorities=[USER]], Credentials=[PROTECTED], Authenticated=true, Details=WebAuthenticationDetails [RemoteIpAddress=0:0:0:0:0:0:0:1, SessionId=58ED11C1A0EC60CB69D324FE1C488DCE], Granted Authorities=[USER]]]
2025-07-15 17:29:03 - Resolved [org.springframework.web.servlet.resource.NoResourceFoundException: No static resource script.js.]
2025-07-15 17:29:03 - Securing GET /favicon.ico
2025-07-15 17:29:03 - Retrieved SecurityContextImpl [Authentication=UsernamePasswordAuthenticationToken [Principal=org.springframework.security.core.userdetails.User [Username=pjunior954@gmail.com, Password=[PROTECTED], Enabled=true, AccountNonExpired=true, CredentialsNonExpired=true, AccountNonLocked=true, Granted Authorities=[USER]], Credentials=[PROTECTED], Authenticated=true, Details=WebAuthenticationDetails [RemoteIpAddress=0:0:0:0:0:0:0:1, SessionId=58ED11C1A0EC60CB69D324FE1C488DCE], Granted Authorities=[USER]]]
2025-07-15 17:29:03 - Secured GET /favicon.ico
2025-07-15 17:29:03 - Resolved [org.springframework.web.servlet.resource.NoResourceFoundException: No static resource favicon.ico.]
2025-07-15 17:29:04 - Securing GET /filmes/16
2025-07-15 17:29:04 - Retrieved SecurityContextImpl [Authentication=UsernamePasswordAuthenticationToken [Principal=org.springframework.security.core.userdetails.User [Username=pjunior954@gmail.com, Password=[PROTECTED], Enabled=true, AccountNonExpired=true, CredentialsNonExpired=true, AccountNonLocked=true, Granted Authorities=[USER]], Credentials=[PROTECTED], Authenticated=true, Details=WebAuthenticationDetails [RemoteIpAddress=0:0:0:0:0:0:0:1, SessionId=58ED11C1A0EC60CB69D324FE1C488DCE], Granted Authorities=[USER]]]
2025-07-15 17:29:04 - Secured GET /filmes/16
2025-07-15 17:29:04 - Securing GET /uploads/f70372d2-7e6d-4e3f-93cd-96f22d1ad684.jpg
2025-07-15 17:29:04 - Secured GET /uploads/f70372d2-7e6d-4e3f-93cd-96f22d1ad684.jpg
2025-07-15 17:29:04 - Retrieved SecurityContextImpl [Authentication=UsernamePasswordAuthenticationToken [Principal=org.springframework.security.core.userdetails.User [Username=pjunior954@gmail.com, Password=[PROTECTED], Enabled=true, AccountNonExpired=true, CredentialsNonExpired=true, AccountNonLocked=true, Granted Authorities=[USER]], Credentials=[PROTECTED], Authenticated=true, Details=WebAuthenticationDetails [RemoteIpAddress=0:0:0:0:0:0:0:1, SessionId=58ED11C1A0EC60CB69D324FE1C488DCE], Granted Authorities=[USER]]]
2025-07-15 17:31:31 - Commencing graceful shutdown. Waiting for active requests to complete
2025-07-15 17:31:31 - Graceful shutdown complete
2025-07-15 17:31:31 - Closing JPA EntityManagerFactory for persistence unit 'default'
2025-07-15 17:31:31 - HikariPool-1 - Shutdown initiated...
2025-07-15 17:31:31 - HikariPool-1 - Shutdown completed.
2025-07-15 17:31:36 - Starting LocadoraFilmesApplication using Java 24.0.1 with PID 9804 (C:\Users\extre\Documents\Locadora-Filmes\target\classes started by extre in C:\Users\extre\Documents\Locadora-Filmes)
2025-07-15 17:31:36 - Running with Spring Boot v3.5.3, Spring v6.2.8
2025-07-15 17:31:36 - No active profile set, falling back to 1 default profile: "default"
2025-07-15 17:31:37 - Devtools property defaults active! Set 'spring.devtools.add-properties' to 'false' to disable
2025-07-15 17:31:37 - For additional web related logging consider setting the 'logging.level.web' property to 'DEBUG'
2025-07-15 17:31:38 - Bootstrapping Spring Data JPA repositories in DEFAULT mode.
2025-07-15 17:31:38 - Finished Spring Data repository scanning in 83 ms. Found 2 JPA repository interfaces.
2025-07-15 17:31:40 - Tomcat initialized with port 8080 (http)
2025-07-15 17:31:40 - Starting service [Tomcat]
2025-07-15 17:31:40 - Starting Servlet engine: [Apache Tomcat/10.1.42]
2025-07-15 17:31:40 - Initializing Spring embedded WebApplicationContext
2025-07-15 17:31:40 - Root WebApplicationContext: initialization completed in 3297 ms
2025-07-15 17:31:40 - HikariPool-1 - Starting...
2025-07-15 17:31:41 - HikariPool-1 - Added connection org.postgresql.jdbc.PgConnection@448149be
2025-07-15 17:31:41 - HikariPool-1 - Start completed.
2025-07-15 17:31:41 - HHH000204: Processing PersistenceUnitInfo [name: default]
2025-07-15 17:31:41 - HHH000412: Hibernate ORM core version 6.6.18.Final
2025-07-15 17:31:41 - HHH000026: Second-level cache disabled
2025-07-15 17:31:42 - No LoadTimeWeaver setup: ignoring JPA class transformer
2025-07-15 17:31:42 - HHH90000025: PostgreSQLDialect does not need to be specified explicitly using 'hibernate.dialect' (remove the property setting and it will be selected by default)
2025-07-15 17:31:42 - HHH10001005: Database info:
	Database JDBC URL [Connecting through datasource 'HikariDataSource (HikariPool-1)']
	Database driver: undefined/unknown
	Database version: 17.5
	Autocommit mode: undefined/unknown
	Isolation level: undefined/unknown
	Minimum pool size: undefined/unknown
	Maximum pool size: undefined/unknown
2025-07-15 17:31:43 - HHH000489: No JTA platform available (set 'hibernate.transaction.jta.platform' to enable JTA platform integration)
2025-07-15 17:31:43 - Initialized JPA EntityManagerFactory for persistence unit 'default'
2025-07-15 17:31:44 - Hibernate is in classpath; If applicable, HQL parser will be used.
2025-07-15 17:31:45 - spring.jpa.open-in-view is enabled by default. Therefore, database queries may be performed during view rendering. Explicitly configure spring.jpa.open-in-view to disable this warning
2025-07-15 17:31:45 - Configurando DaoAuthenticationProvider...
2025-07-15 17:31:45 - DaoAuthenticationProvider configurado
2025-07-15 17:31:45 - Global AuthenticationManager configured with AuthenticationProvider bean with name authenticationProvider
2025-07-15 17:31:45 - Global AuthenticationManager configured with an AuthenticationProvider bean. UserDetailsService beans will not be used by Spring Security for automatically configuring username/password login. Consider removing the AuthenticationProvider bean. Alternatively, consider using the UserDetailsService in a manually instantiated DaoAuthenticationProvider. If the current configuration is intentional, to turn off this warning, increase the logging level of 'org.springframework.security.config.annotation.authentication.configuration.InitializeUserDetailsBeanManagerConfigurer' to ERROR
2025-07-15 17:31:45 - Configurando Spring Security...
2025-07-15 17:31:45 - Spring Security configurado com sucesso
2025-07-15 17:31:45 - Will secure any request with filters: DisableEncodeUrlFilter, WebAsyncManagerIntegrationFilter, SecurityContextHolderFilter, HeaderWriterFilter, LogoutFilter, UsernamePasswordAuthenticationFilter, RequestCacheAwareFilter, SecurityContextHolderAwareRequestFilter, AnonymousAuthenticationFilter, ExceptionTranslationFilter, AuthorizationFilter
2025-07-15 17:31:46 - LiveReload server is running on port 35729
2025-07-15 17:31:46 - Tomcat started on port 8080 (http) with context path '/'
2025-07-15 17:31:46 - Started LocadoraFilmesApplication in 10.183 seconds (process running for 11.291)
2025-07-15 17:31:52 - Initializing Spring DispatcherServlet 'dispatcherServlet'
2025-07-15 17:31:52 - Initializing Servlet 'dispatcherServlet'
2025-07-15 17:31:52 - Completed initialization in 1 ms
2025-07-15 17:31:52 - Securing GET /filmes
2025-07-15 17:31:52 - Retrieved SecurityContextImpl [Authentication=UsernamePasswordAuthenticationToken [Principal=org.springframework.security.core.userdetails.User [Username=pjunior954@gmail.com, Password=[PROTECTED], Enabled=true, AccountNonExpired=true, CredentialsNonExpired=true, AccountNonLocked=true, Granted Authorities=[USER]], Credentials=[PROTECTED], Authenticated=true, Details=WebAuthenticationDetails [RemoteIpAddress=0:0:0:0:0:0:0:1, SessionId=58ED11C1A0EC60CB69D324FE1C488DCE], Granted Authorities=[USER]]]
2025-07-15 17:31:52 - Secured GET /filmes
2025-07-15 17:31:53 - Securing GET /uploads/f70372d2-7e6d-4e3f-93cd-96f22d1ad684.jpg
2025-07-15 17:31:53 - Secured GET /uploads/f70372d2-7e6d-4e3f-93cd-96f22d1ad684.jpg
2025-07-15 17:31:53 - Securing GET /script.js
2025-07-15 17:31:53 - Retrieved SecurityContextImpl [Authentication=UsernamePasswordAuthenticationToken [Principal=org.springframework.security.core.userdetails.User [Username=pjunior954@gmail.com, Password=[PROTECTED], Enabled=true, AccountNonExpired=true, CredentialsNonExpired=true, AccountNonLocked=true, Granted Authorities=[USER]], Credentials=[PROTECTED], Authenticated=true, Details=WebAuthenticationDetails [RemoteIpAddress=0:0:0:0:0:0:0:1, SessionId=58ED11C1A0EC60CB69D324FE1C488DCE], Granted Authorities=[USER]]]
2025-07-15 17:31:53 - Secured GET /script.js
2025-07-15 17:31:53 - Retrieved SecurityContextImpl [Authentication=UsernamePasswordAuthenticationToken [Principal=org.springframework.security.core.userdetails.User [Username=pjunior954@gmail.com, Password=[PROTECTED], Enabled=true, AccountNonExpired=true, CredentialsNonExpired=true, AccountNonLocked=true, Granted Authorities=[USER]], Credentials=[PROTECTED], Authenticated=true, Details=WebAuthenticationDetails [RemoteIpAddress=0:0:0:0:0:0:0:1, SessionId=58ED11C1A0EC60CB69D324FE1C488DCE], Granted Authorities=[USER]]]
2025-07-15 17:31:53 - Resolved [org.springframework.web.servlet.resource.NoResourceFoundException: No static resource script.js.]
2025-07-15 17:31:53 - Securing GET /favicon.ico
2025-07-15 17:31:53 - Retrieved SecurityContextImpl [Authentication=UsernamePasswordAuthenticationToken [Principal=org.springframework.security.core.userdetails.User [Username=pjunior954@gmail.com, Password=[PROTECTED], Enabled=true, AccountNonExpired=true, CredentialsNonExpired=true, AccountNonLocked=true, Granted Authorities=[USER]], Credentials=[PROTECTED], Authenticated=true, Details=WebAuthenticationDetails [RemoteIpAddress=0:0:0:0:0:0:0:1, SessionId=58ED11C1A0EC60CB69D324FE1C488DCE], Granted Authorities=[USER]]]
2025-07-15 17:31:53 - Secured GET /favicon.ico
2025-07-15 17:31:53 - Resolved [org.springframework.web.servlet.resource.NoResourceFoundException: No static resource favicon.ico.]
2025-07-15 17:32:12 - Securing POST /filmes/adicionar
2025-07-15 17:32:12 - Retrieved SecurityContextImpl [Authentication=UsernamePasswordAuthenticationToken [Principal=org.springframework.security.core.userdetails.User [Username=pjunior954@gmail.com, Password=[PROTECTED], Enabled=true, AccountNonExpired=true, CredentialsNonExpired=true, AccountNonLocked=true, Granted Authorities=[USER]], Credentials=[PROTECTED], Authenticated=true, Details=WebAuthenticationDetails [RemoteIpAddress=0:0:0:0:0:0:0:1, SessionId=58ED11C1A0EC60CB69D324FE1C488DCE], Granted Authorities=[USER]]]
2025-07-15 17:32:12 - Secured POST /filmes/adicionar
2025-07-15 17:32:13 - Securing GET /filmes
2025-07-15 17:32:13 - Retrieved SecurityContextImpl [Authentication=UsernamePasswordAuthenticationToken [Principal=org.springframework.security.core.userdetails.User [Username=pjunior954@gmail.com, Password=[PROTECTED], Enabled=true, AccountNonExpired=true, CredentialsNonExpired=true, AccountNonLocked=true, Granted Authorities=[USER]], Credentials=[PROTECTED], Authenticated=true, Details=WebAuthenticationDetails [RemoteIpAddress=0:0:0:0:0:0:0:1, SessionId=58ED11C1A0EC60CB69D324FE1C488DCE], Granted Authorities=[USER]]]
2025-07-15 17:32:13 - Secured GET /filmes
2025-07-15 17:32:13 - Securing GET /uploads/f70372d2-7e6d-4e3f-93cd-96f22d1ad684.jpg
2025-07-15 17:32:13 - Secured GET /uploads/f70372d2-7e6d-4e3f-93cd-96f22d1ad684.jpg
2025-07-15 17:32:13 - Securing GET /uploads/2021ef65-be8f-4a18-b21e-1247bdd0ca2f.jpg
2025-07-15 17:32:13 - Secured GET /uploads/2021ef65-be8f-4a18-b21e-1247bdd0ca2f.jpg
2025-07-15 17:32:13 - Retrieved SecurityContextImpl [Authentication=UsernamePasswordAuthenticationToken [Principal=org.springframework.security.core.userdetails.User [Username=pjunior954@gmail.com, Password=[PROTECTED], Enabled=true, AccountNonExpired=true, CredentialsNonExpired=true, AccountNonLocked=true, Granted Authorities=[USER]], Credentials=[PROTECTED], Authenticated=true, Details=WebAuthenticationDetails [RemoteIpAddress=0:0:0:0:0:0:0:1, SessionId=58ED11C1A0EC60CB69D324FE1C488DCE], Granted Authorities=[USER]]]
2025-07-15 17:32:13 - Securing GET /script.js
2025-07-15 17:32:13 - Retrieved SecurityContextImpl [Authentication=UsernamePasswordAuthenticationToken [Principal=org.springframework.security.core.userdetails.User [Username=pjunior954@gmail.com, Password=[PROTECTED], Enabled=true, AccountNonExpired=true, CredentialsNonExpired=true, AccountNonLocked=true, Granted Authorities=[USER]], Credentials=[PROTECTED], Authenticated=true, Details=WebAuthenticationDetails [RemoteIpAddress=0:0:0:0:0:0:0:1, SessionId=58ED11C1A0EC60CB69D324FE1C488DCE], Granted Authorities=[USER]]]
2025-07-15 17:32:13 - Secured GET /script.js
2025-07-15 17:32:13 - Resolved [org.springframework.web.servlet.resource.NoResourceFoundException: No static resource uploads/2021ef65-be8f-4a18-b21e-1247bdd0ca2f.jpg.]
2025-07-15 17:32:13 - Retrieved SecurityContextImpl [Authentication=UsernamePasswordAuthenticationToken [Principal=org.springframework.security.core.userdetails.User [Username=pjunior954@gmail.com, Password=[PROTECTED], Enabled=true, AccountNonExpired=true, CredentialsNonExpired=true, AccountNonLocked=true, Granted Authorities=[USER]], Credentials=[PROTECTED], Authenticated=true, Details=WebAuthenticationDetails [RemoteIpAddress=0:0:0:0:0:0:0:1, SessionId=58ED11C1A0EC60CB69D324FE1C488DCE], Granted Authorities=[USER]]]
2025-07-15 17:32:13 - Resolved [org.springframework.web.servlet.resource.NoResourceFoundException: No static resource script.js.]
2025-07-15 17:32:13 - Securing GET /favicon.ico
2025-07-15 17:32:13 - Retrieved SecurityContextImpl [Authentication=UsernamePasswordAuthenticationToken [Principal=org.springframework.security.core.userdetails.User [Username=pjunior954@gmail.com, Password=[PROTECTED], Enabled=true, AccountNonExpired=true, CredentialsNonExpired=true, AccountNonLocked=true, Granted Authorities=[USER]], Credentials=[PROTECTED], Authenticated=true, Details=WebAuthenticationDetails [RemoteIpAddress=0:0:0:0:0:0:0:1, SessionId=58ED11C1A0EC60CB69D324FE1C488DCE], Granted Authorities=[USER]]]
2025-07-15 17:32:13 - Secured GET /favicon.ico
2025-07-15 17:32:13 - Resolved [org.springframework.web.servlet.resource.NoResourceFoundException: No static resource favicon.ico.]
2025-07-15 17:32:27 - Securing GET /filmes/17
2025-07-15 17:32:27 - Retrieved SecurityContextImpl [Authentication=UsernamePasswordAuthenticationToken [Principal=org.springframework.security.core.userdetails.User [Username=pjunior954@gmail.com, Password=[PROTECTED], Enabled=true, AccountNonExpired=true, CredentialsNonExpired=true, AccountNonLocked=true, Granted Authorities=[USER]], Credentials=[PROTECTED], Authenticated=true, Details=WebAuthenticationDetails [RemoteIpAddress=0:0:0:0:0:0:0:1, SessionId=58ED11C1A0EC60CB69D324FE1C488DCE], Granted Authorities=[USER]]]
2025-07-15 17:32:27 - Secured GET /filmes/17
2025-07-15 17:32:27 - Securing GET /uploads/2021ef65-be8f-4a18-b21e-1247bdd0ca2f.jpg
2025-07-15 17:32:27 - Secured GET /uploads/2021ef65-be8f-4a18-b21e-1247bdd0ca2f.jpg
2025-07-15 17:32:27 - Resolved [org.springframework.web.servlet.resource.NoResourceFoundException: No static resource uploads/2021ef65-be8f-4a18-b21e-1247bdd0ca2f.jpg.]
2025-07-15 17:32:27 - Retrieved SecurityContextImpl [Authentication=UsernamePasswordAuthenticationToken [Principal=org.springframework.security.core.userdetails.User [Username=pjunior954@gmail.com, Password=[PROTECTED], Enabled=true, AccountNonExpired=true, CredentialsNonExpired=true, AccountNonLocked=true, Granted Authorities=[USER]], Credentials=[PROTECTED], Authenticated=true, Details=WebAuthenticationDetails [RemoteIpAddress=0:0:0:0:0:0:0:1, SessionId=58ED11C1A0EC60CB69D324FE1C488DCE], Granted Authorities=[USER]]]
2025-07-15 17:34:18 - Commencing graceful shutdown. Waiting for active requests to complete
2025-07-15 17:34:18 - Graceful shutdown complete
2025-07-15 17:34:18 - Closing JPA EntityManagerFactory for persistence unit 'default'
2025-07-15 17:34:18 - HikariPool-1 - Shutdown initiated...
2025-07-15 17:34:18 - HikariPool-1 - Shutdown completed.
2025-07-15 17:34:23 - Starting LocadoraFilmesApplication using Java 24.0.1 with PID 8092 (C:\Users\extre\Documents\Locadora-Filmes\target\classes started by extre in C:\Users\extre\Documents\Locadora-Filmes)
2025-07-15 17:34:23 - Running with Spring Boot v3.5.3, Spring v6.2.8
2025-07-15 17:34:23 - No active profile set, falling back to 1 default profile: "default"
2025-07-15 17:34:23 - Devtools property defaults active! Set 'spring.devtools.add-properties' to 'false' to disable
2025-07-15 17:34:23 - For additional web related logging consider setting the 'logging.level.web' property to 'DEBUG'
2025-07-15 17:34:25 - Bootstrapping Spring Data JPA repositories in DEFAULT mode.
2025-07-15 17:34:25 - Finished Spring Data repository scanning in 82 ms. Found 2 JPA repository interfaces.
2025-07-15 17:34:26 - Tomcat initialized with port 8080 (http)
2025-07-15 17:34:26 - Starting service [Tomcat]
2025-07-15 17:34:26 - Starting Servlet engine: [Apache Tomcat/10.1.42]
2025-07-15 17:34:26 - Initializing Spring embedded WebApplicationContext
2025-07-15 17:34:26 - Root WebApplicationContext: initialization completed in 2997 ms
2025-07-15 17:34:26 - HikariPool-1 - Starting...
2025-07-15 17:34:27 - HikariPool-1 - Added connection org.postgresql.jdbc.PgConnection@3253445e
2025-07-15 17:34:27 - HikariPool-1 - Start completed.
2025-07-15 17:34:27 - HHH000204: Processing PersistenceUnitInfo [name: default]
2025-07-15 17:34:27 - HHH000412: Hibernate ORM core version 6.6.18.Final
2025-07-15 17:34:27 - HHH000026: Second-level cache disabled
2025-07-15 17:34:28 - No LoadTimeWeaver setup: ignoring JPA class transformer
2025-07-15 17:34:28 - HHH90000025: PostgreSQLDialect does not need to be specified explicitly using 'hibernate.dialect' (remove the property setting and it will be selected by default)
2025-07-15 17:34:28 - HHH10001005: Database info:
	Database JDBC URL [Connecting through datasource 'HikariDataSource (HikariPool-1)']
	Database driver: undefined/unknown
	Database version: 17.5
	Autocommit mode: undefined/unknown
	Isolation level: undefined/unknown
	Minimum pool size: undefined/unknown
	Maximum pool size: undefined/unknown
2025-07-15 17:34:30 - HHH000489: No JTA platform available (set 'hibernate.transaction.jta.platform' to enable JTA platform integration)
2025-07-15 17:34:30 - Initialized JPA EntityManagerFactory for persistence unit 'default'
2025-07-15 17:34:30 - Hibernate is in classpath; If applicable, HQL parser will be used.
2025-07-15 17:34:32 - spring.jpa.open-in-view is enabled by default. Therefore, database queries may be performed during view rendering. Explicitly configure spring.jpa.open-in-view to disable this warning
2025-07-15 17:34:32 - Configurando DaoAuthenticationProvider...
2025-07-15 17:34:32 - DaoAuthenticationProvider configurado
2025-07-15 17:34:32 - Global AuthenticationManager configured with AuthenticationProvider bean with name authenticationProvider
2025-07-15 17:34:32 - Global AuthenticationManager configured with an AuthenticationProvider bean. UserDetailsService beans will not be used by Spring Security for automatically configuring username/password login. Consider removing the AuthenticationProvider bean. Alternatively, consider using the UserDetailsService in a manually instantiated DaoAuthenticationProvider. If the current configuration is intentional, to turn off this warning, increase the logging level of 'org.springframework.security.config.annotation.authentication.configuration.InitializeUserDetailsBeanManagerConfigurer' to ERROR
2025-07-15 17:34:32 - Configurando Spring Security...
2025-07-15 17:34:32 - Spring Security configurado com sucesso
2025-07-15 17:34:32 - Will secure any request with filters: DisableEncodeUrlFilter, WebAsyncManagerIntegrationFilter, SecurityContextHolderFilter, HeaderWriterFilter, LogoutFilter, UsernamePasswordAuthenticationFilter, RequestCacheAwareFilter, SecurityContextHolderAwareRequestFilter, AnonymousAuthenticationFilter, ExceptionTranslationFilter, AuthorizationFilter
2025-07-15 17:34:33 - LiveReload server is running on port 35729
2025-07-15 17:34:33 - Tomcat started on port 8080 (http) with context path '/'
2025-07-15 17:34:33 - Started LocadoraFilmesApplication in 10.84 seconds (process running for 11.714)
2025-07-15 17:34:37 - Initializing Spring DispatcherServlet 'dispatcherServlet'
2025-07-15 17:34:37 - Initializing Servlet 'dispatcherServlet'
2025-07-15 17:34:37 - Completed initialization in 1 ms
2025-07-15 17:34:37 - Securing POST /filmes/deletar/17
2025-07-15 17:34:37 - Retrieved SecurityContextImpl [Authentication=UsernamePasswordAuthenticationToken [Principal=org.springframework.security.core.userdetails.User [Username=pjunior954@gmail.com, Password=[PROTECTED], Enabled=true, AccountNonExpired=true, CredentialsNonExpired=true, AccountNonLocked=true, Granted Authorities=[USER]], Credentials=[PROTECTED], Authenticated=true, Details=WebAuthenticationDetails [RemoteIpAddress=0:0:0:0:0:0:0:1, SessionId=58ED11C1A0EC60CB69D324FE1C488DCE], Granted Authorities=[USER]]]
2025-07-15 17:34:37 - Secured POST /filmes/deletar/17
2025-07-15 17:34:37 - Securing GET /filmes
2025-07-15 17:34:37 - Retrieved SecurityContextImpl [Authentication=UsernamePasswordAuthenticationToken [Principal=org.springframework.security.core.userdetails.User [Username=pjunior954@gmail.com, Password=[PROTECTED], Enabled=true, AccountNonExpired=true, CredentialsNonExpired=true, AccountNonLocked=true, Granted Authorities=[USER]], Credentials=[PROTECTED], Authenticated=true, Details=WebAuthenticationDetails [RemoteIpAddress=0:0:0:0:0:0:0:1, SessionId=58ED11C1A0EC60CB69D324FE1C488DCE], Granted Authorities=[USER]]]
2025-07-15 17:34:37 - Secured GET /filmes
2025-07-15 17:34:38 - Securing GET /uploads/f70372d2-7e6d-4e3f-93cd-96f22d1ad684.jpg
2025-07-15 17:34:38 - Securing GET /script.js
2025-07-15 17:34:38 - Secured GET /uploads/f70372d2-7e6d-4e3f-93cd-96f22d1ad684.jpg
2025-07-15 17:34:38 - Retrieved SecurityContextImpl [Authentication=UsernamePasswordAuthenticationToken [Principal=org.springframework.security.core.userdetails.User [Username=pjunior954@gmail.com, Password=[PROTECTED], Enabled=true, AccountNonExpired=true, CredentialsNonExpired=true, AccountNonLocked=true, Granted Authorities=[USER]], Credentials=[PROTECTED], Authenticated=true, Details=WebAuthenticationDetails [RemoteIpAddress=0:0:0:0:0:0:0:1, SessionId=58ED11C1A0EC60CB69D324FE1C488DCE], Granted Authorities=[USER]]]
2025-07-15 17:34:38 - Secured GET /script.js
2025-07-15 17:34:38 - Retrieved SecurityContextImpl [Authentication=UsernamePasswordAuthenticationToken [Principal=org.springframework.security.core.userdetails.User [Username=pjunior954@gmail.com, Password=[PROTECTED], Enabled=true, AccountNonExpired=true, CredentialsNonExpired=true, AccountNonLocked=true, Granted Authorities=[USER]], Credentials=[PROTECTED], Authenticated=true, Details=WebAuthenticationDetails [RemoteIpAddress=0:0:0:0:0:0:0:1, SessionId=58ED11C1A0EC60CB69D324FE1C488DCE], Granted Authorities=[USER]]]
2025-07-15 17:34:38 - Resolved [org.springframework.web.servlet.resource.NoResourceFoundException: No static resource script.js.]
2025-07-15 17:34:38 - Securing GET /favicon.ico
2025-07-15 17:34:38 - Retrieved SecurityContextImpl [Authentication=UsernamePasswordAuthenticationToken [Principal=org.springframework.security.core.userdetails.User [Username=pjunior954@gmail.com, Password=[PROTECTED], Enabled=true, AccountNonExpired=true, CredentialsNonExpired=true, AccountNonLocked=true, Granted Authorities=[USER]], Credentials=[PROTECTED], Authenticated=true, Details=WebAuthenticationDetails [RemoteIpAddress=0:0:0:0:0:0:0:1, SessionId=58ED11C1A0EC60CB69D324FE1C488DCE], Granted Authorities=[USER]]]
2025-07-15 17:34:38 - Secured GET /favicon.ico
2025-07-15 17:34:38 - Resolved [org.springframework.web.servlet.resource.NoResourceFoundException: No static resource favicon.ico.]
2025-07-15 17:35:24 - Securing POST /filmes/adicionar
2025-07-15 17:35:24 - Retrieved SecurityContextImpl [Authentication=UsernamePasswordAuthenticationToken [Principal=org.springframework.security.core.userdetails.User [Username=pjunior954@gmail.com, Password=[PROTECTED], Enabled=true, AccountNonExpired=true, CredentialsNonExpired=true, AccountNonLocked=true, Granted Authorities=[USER]], Credentials=[PROTECTED], Authenticated=true, Details=WebAuthenticationDetails [RemoteIpAddress=0:0:0:0:0:0:0:1, SessionId=58ED11C1A0EC60CB69D324FE1C488DCE], Granted Authorities=[USER]]]
2025-07-15 17:35:24 - Secured POST /filmes/adicionar
2025-07-15 17:35:24 - Securing GET /filmes
2025-07-15 17:35:24 - Retrieved SecurityContextImpl [Authentication=UsernamePasswordAuthenticationToken [Principal=org.springframework.security.core.userdetails.User [Username=pjunior954@gmail.com, Password=[PROTECTED], Enabled=true, AccountNonExpired=true, CredentialsNonExpired=true, AccountNonLocked=true, Granted Authorities=[USER]], Credentials=[PROTECTED], Authenticated=true, Details=WebAuthenticationDetails [RemoteIpAddress=0:0:0:0:0:0:0:1, SessionId=58ED11C1A0EC60CB69D324FE1C488DCE], Granted Authorities=[USER]]]
2025-07-15 17:35:24 - Secured GET /filmes
2025-07-15 17:35:24 - Securing GET /uploads/e2d64a05-13b6-4982-8299-de36fb05c425.jpg
2025-07-15 17:35:24 - Securing GET /script.js
2025-07-15 17:35:24 - Securing GET /uploads/f70372d2-7e6d-4e3f-93cd-96f22d1ad684.jpg
2025-07-15 17:35:24 - Secured GET /uploads/e2d64a05-13b6-4982-8299-de36fb05c425.jpg
2025-07-15 17:35:24 - Secured GET /uploads/f70372d2-7e6d-4e3f-93cd-96f22d1ad684.jpg
2025-07-15 17:35:24 - Retrieved SecurityContextImpl [Authentication=UsernamePasswordAuthenticationToken [Principal=org.springframework.security.core.userdetails.User [Username=pjunior954@gmail.com, Password=[PROTECTED], Enabled=true, AccountNonExpired=true, CredentialsNonExpired=true, AccountNonLocked=true, Granted Authorities=[USER]], Credentials=[PROTECTED], Authenticated=true, Details=WebAuthenticationDetails [RemoteIpAddress=0:0:0:0:0:0:0:1, SessionId=58ED11C1A0EC60CB69D324FE1C488DCE], Granted Authorities=[USER]]]
2025-07-15 17:35:24 - Secured GET /script.js
2025-07-15 17:35:24 - Retrieved SecurityContextImpl [Authentication=UsernamePasswordAuthenticationToken [Principal=org.springframework.security.core.userdetails.User [Username=pjunior954@gmail.com, Password=[PROTECTED], Enabled=true, AccountNonExpired=true, CredentialsNonExpired=true, AccountNonLocked=true, Granted Authorities=[USER]], Credentials=[PROTECTED], Authenticated=true, Details=WebAuthenticationDetails [RemoteIpAddress=0:0:0:0:0:0:0:1, SessionId=58ED11C1A0EC60CB69D324FE1C488DCE], Granted Authorities=[USER]]]
2025-07-15 17:35:24 - Resolved [org.springframework.web.servlet.resource.NoResourceFoundException: No static resource uploads/e2d64a05-13b6-4982-8299-de36fb05c425.jpg.]
2025-07-15 17:35:24 - Retrieved SecurityContextImpl [Authentication=UsernamePasswordAuthenticationToken [Principal=org.springframework.security.core.userdetails.User [Username=pjunior954@gmail.com, Password=[PROTECTED], Enabled=true, AccountNonExpired=true, CredentialsNonExpired=true, AccountNonLocked=true, Granted Authorities=[USER]], Credentials=[PROTECTED], Authenticated=true, Details=WebAuthenticationDetails [RemoteIpAddress=0:0:0:0:0:0:0:1, SessionId=58ED11C1A0EC60CB69D324FE1C488DCE], Granted Authorities=[USER]]]
2025-07-15 17:35:24 - Resolved [org.springframework.web.servlet.resource.NoResourceFoundException: No static resource script.js.]
2025-07-15 17:35:25 - Securing GET /favicon.ico
2025-07-15 17:35:25 - Retrieved SecurityContextImpl [Authentication=UsernamePasswordAuthenticationToken [Principal=org.springframework.security.core.userdetails.User [Username=pjunior954@gmail.com, Password=[PROTECTED], Enabled=true, AccountNonExpired=true, CredentialsNonExpired=true, AccountNonLocked=true, Granted Authorities=[USER]], Credentials=[PROTECTED], Authenticated=true, Details=WebAuthenticationDetails [RemoteIpAddress=0:0:0:0:0:0:0:1, SessionId=58ED11C1A0EC60CB69D324FE1C488DCE], Granted Authorities=[USER]]]
2025-07-15 17:35:25 - Secured GET /favicon.ico
2025-07-15 17:35:25 - Resolved [org.springframework.web.servlet.resource.NoResourceFoundException: No static resource favicon.ico.]
2025-07-15 17:35:26 - Securing GET /filmes
2025-07-15 17:35:26 - Retrieved SecurityContextImpl [Authentication=UsernamePasswordAuthenticationToken [Principal=org.springframework.security.core.userdetails.User [Username=pjunior954@gmail.com, Password=[PROTECTED], Enabled=true, AccountNonExpired=true, CredentialsNonExpired=true, AccountNonLocked=true, Granted Authorities=[USER]], Credentials=[PROTECTED], Authenticated=true, Details=WebAuthenticationDetails [RemoteIpAddress=0:0:0:0:0:0:0:1, SessionId=58ED11C1A0EC60CB69D324FE1C488DCE], Granted Authorities=[USER]]]
2025-07-15 17:35:26 - Secured GET /filmes
2025-07-15 17:35:26 - Securing GET /script.js
2025-07-15 17:35:26 - Retrieved SecurityContextImpl [Authentication=UsernamePasswordAuthenticationToken [Principal=org.springframework.security.core.userdetails.User [Username=pjunior954@gmail.com, Password=[PROTECTED], Enabled=true, AccountNonExpired=true, CredentialsNonExpired=true, AccountNonLocked=true, Granted Authorities=[USER]], Credentials=[PROTECTED], Authenticated=true, Details=WebAuthenticationDetails [RemoteIpAddress=0:0:0:0:0:0:0:1, SessionId=58ED11C1A0EC60CB69D324FE1C488DCE], Granted Authorities=[USER]]]
2025-07-15 17:35:26 - Secured GET /script.js
2025-07-15 17:35:26 - Securing GET /uploads/e2d64a05-13b6-4982-8299-de36fb05c425.jpg
2025-07-15 17:35:26 - Secured GET /uploads/e2d64a05-13b6-4982-8299-de36fb05c425.jpg
2025-07-15 17:35:26 - Resolved [org.springframework.web.servlet.resource.NoResourceFoundException: No static resource script.js.]
2025-07-15 17:35:26 - Securing GET /uploads/f70372d2-7e6d-4e3f-93cd-96f22d1ad684.jpg
2025-07-15 17:35:26 - Secured GET /uploads/f70372d2-7e6d-4e3f-93cd-96f22d1ad684.jpg
2025-07-15 17:35:26 - Resolved [org.springframework.web.servlet.resource.NoResourceFoundException: No static resource uploads/e2d64a05-13b6-4982-8299-de36fb05c425.jpg.]
2025-07-15 17:35:26 - Retrieved SecurityContextImpl [Authentication=UsernamePasswordAuthenticationToken [Principal=org.springframework.security.core.userdetails.User [Username=pjunior954@gmail.com, Password=[PROTECTED], Enabled=true, AccountNonExpired=true, CredentialsNonExpired=true, AccountNonLocked=true, Granted Authorities=[USER]], Credentials=[PROTECTED], Authenticated=true, Details=WebAuthenticationDetails [RemoteIpAddress=0:0:0:0:0:0:0:1, SessionId=58ED11C1A0EC60CB69D324FE1C488DCE], Granted Authorities=[USER]]]
2025-07-15 17:35:26 - Retrieved SecurityContextImpl [Authentication=UsernamePasswordAuthenticationToken [Principal=org.springframework.security.core.userdetails.User [Username=pjunior954@gmail.com, Password=[PROTECTED], Enabled=true, AccountNonExpired=true, CredentialsNonExpired=true, AccountNonLocked=true, Granted Authorities=[USER]], Credentials=[PROTECTED], Authenticated=true, Details=WebAuthenticationDetails [RemoteIpAddress=0:0:0:0:0:0:0:1, SessionId=58ED11C1A0EC60CB69D324FE1C488DCE], Granted Authorities=[USER]]]
2025-07-15 17:35:26 - Securing GET /favicon.ico
2025-07-15 17:35:26 - Retrieved SecurityContextImpl [Authentication=UsernamePasswordAuthenticationToken [Principal=org.springframework.security.core.userdetails.User [Username=pjunior954@gmail.com, Password=[PROTECTED], Enabled=true, AccountNonExpired=true, CredentialsNonExpired=true, AccountNonLocked=true, Granted Authorities=[USER]], Credentials=[PROTECTED], Authenticated=true, Details=WebAuthenticationDetails [RemoteIpAddress=0:0:0:0:0:0:0:1, SessionId=58ED11C1A0EC60CB69D324FE1C488DCE], Granted Authorities=[USER]]]
2025-07-15 17:35:26 - Secured GET /favicon.ico
2025-07-15 17:35:26 - Resolved [org.springframework.web.servlet.resource.NoResourceFoundException: No static resource favicon.ico.]
2025-07-15 17:35:27 - Securing GET /filmes/18
2025-07-15 17:35:27 - Retrieved SecurityContextImpl [Authentication=UsernamePasswordAuthenticationToken [Principal=org.springframework.security.core.userdetails.User [Username=pjunior954@gmail.com, Password=[PROTECTED], Enabled=true, AccountNonExpired=true, CredentialsNonExpired=true, AccountNonLocked=true, Granted Authorities=[USER]], Credentials=[PROTECTED], Authenticated=true, Details=WebAuthenticationDetails [RemoteIpAddress=0:0:0:0:0:0:0:1, SessionId=58ED11C1A0EC60CB69D324FE1C488DCE], Granted Authorities=[USER]]]
2025-07-15 17:35:27 - Secured GET /filmes/18
2025-07-15 17:35:27 - Securing GET /uploads/e2d64a05-13b6-4982-8299-de36fb05c425.jpg
2025-07-15 17:35:27 - Secured GET /uploads/e2d64a05-13b6-4982-8299-de36fb05c425.jpg
2025-07-15 17:35:27 - Resolved [org.springframework.web.servlet.resource.NoResourceFoundException: No static resource uploads/e2d64a05-13b6-4982-8299-de36fb05c425.jpg.]
2025-07-15 17:35:27 - Retrieved SecurityContextImpl [Authentication=UsernamePasswordAuthenticationToken [Principal=org.springframework.security.core.userdetails.User [Username=pjunior954@gmail.com, Password=[PROTECTED], Enabled=true, AccountNonExpired=true, CredentialsNonExpired=true, AccountNonLocked=true, Granted Authorities=[USER]], Credentials=[PROTECTED], Authenticated=true, Details=WebAuthenticationDetails [RemoteIpAddress=0:0:0:0:0:0:0:1, SessionId=58ED11C1A0EC60CB69D324FE1C488DCE], Granted Authorities=[USER]]]
2025-07-15 17:35:44 - Securing GET /dashboard
2025-07-15 17:35:44 - Retrieved SecurityContextImpl [Authentication=UsernamePasswordAuthenticationToken [Principal=org.springframework.security.core.userdetails.User [Username=pjunior954@gmail.com, Password=[PROTECTED], Enabled=true, AccountNonExpired=true, CredentialsNonExpired=true, AccountNonLocked=true, Granted Authorities=[USER]], Credentials=[PROTECTED], Authenticated=true, Details=WebAuthenticationDetails [RemoteIpAddress=0:0:0:0:0:0:0:1, SessionId=58ED11C1A0EC60CB69D324FE1C488DCE], Granted Authorities=[USER]]]
2025-07-15 17:35:44 - Secured GET /dashboard
2025-07-15 17:35:44 - Securing GET /favicon.ico
2025-07-15 17:35:44 - Retrieved SecurityContextImpl [Authentication=UsernamePasswordAuthenticationToken [Principal=org.springframework.security.core.userdetails.User [Username=pjunior954@gmail.com, Password=[PROTECTED], Enabled=true, AccountNonExpired=true, CredentialsNonExpired=true, AccountNonLocked=true, Granted Authorities=[USER]], Credentials=[PROTECTED], Authenticated=true, Details=WebAuthenticationDetails [RemoteIpAddress=0:0:0:0:0:0:0:1, SessionId=58ED11C1A0EC60CB69D324FE1C488DCE], Granted Authorities=[USER]]]
2025-07-15 17:35:44 - Secured GET /favicon.ico
2025-07-15 17:35:44 - Resolved [org.springframework.web.servlet.resource.NoResourceFoundException: No static resource favicon.ico.]
2025-07-15 17:35:46 - Securing GET /filmes
2025-07-15 17:35:46 - Retrieved SecurityContextImpl [Authentication=UsernamePasswordAuthenticationToken [Principal=org.springframework.security.core.userdetails.User [Username=pjunior954@gmail.com, Password=[PROTECTED], Enabled=true, AccountNonExpired=true, CredentialsNonExpired=true, AccountNonLocked=true, Granted Authorities=[USER]], Credentials=[PROTECTED], Authenticated=true, Details=WebAuthenticationDetails [RemoteIpAddress=0:0:0:0:0:0:0:1, SessionId=58ED11C1A0EC60CB69D324FE1C488DCE], Granted Authorities=[USER]]]
2025-07-15 17:35:46 - Secured GET /filmes
2025-07-15 17:35:46 - Securing GET /uploads/f70372d2-7e6d-4e3f-93cd-96f22d1ad684.jpg
2025-07-15 17:35:46 - Securing GET /script.js
2025-07-15 17:35:46 - Secured GET /uploads/f70372d2-7e6d-4e3f-93cd-96f22d1ad684.jpg
2025-07-15 17:35:46 - Retrieved SecurityContextImpl [Authentication=UsernamePasswordAuthenticationToken [Principal=org.springframework.security.core.userdetails.User [Username=pjunior954@gmail.com, Password=[PROTECTED], Enabled=true, AccountNonExpired=true, CredentialsNonExpired=true, AccountNonLocked=true, Granted Authorities=[USER]], Credentials=[PROTECTED], Authenticated=true, Details=WebAuthenticationDetails [RemoteIpAddress=0:0:0:0:0:0:0:1, SessionId=58ED11C1A0EC60CB69D324FE1C488DCE], Granted Authorities=[USER]]]
2025-07-15 17:35:46 - Secured GET /script.js
2025-07-15 17:35:46 - Securing GET /uploads/e2d64a05-13b6-4982-8299-de36fb05c425.jpg
2025-07-15 17:35:46 - Secured GET /uploads/e2d64a05-13b6-4982-8299-de36fb05c425.jpg
2025-07-15 17:35:46 - Resolved [org.springframework.web.servlet.resource.NoResourceFoundException: No static resource script.js.]
2025-07-15 17:35:46 - Retrieved SecurityContextImpl [Authentication=UsernamePasswordAuthenticationToken [Principal=org.springframework.security.core.userdetails.User [Username=pjunior954@gmail.com, Password=[PROTECTED], Enabled=true, AccountNonExpired=true, CredentialsNonExpired=true, AccountNonLocked=true, Granted Authorities=[USER]], Credentials=[PROTECTED], Authenticated=true, Details=WebAuthenticationDetails [RemoteIpAddress=0:0:0:0:0:0:0:1, SessionId=58ED11C1A0EC60CB69D324FE1C488DCE], Granted Authorities=[USER]]]
2025-07-15 17:35:46 - Resolved [org.springframework.web.servlet.resource.NoResourceFoundException: No static resource uploads/e2d64a05-13b6-4982-8299-de36fb05c425.jpg.]
2025-07-15 17:35:46 - Retrieved SecurityContextImpl [Authentication=UsernamePasswordAuthenticationToken [Principal=org.springframework.security.core.userdetails.User [Username=pjunior954@gmail.com, Password=[PROTECTED], Enabled=true, AccountNonExpired=true, CredentialsNonExpired=true, AccountNonLocked=true, Granted Authorities=[USER]], Credentials=[PROTECTED], Authenticated=true, Details=WebAuthenticationDetails [RemoteIpAddress=0:0:0:0:0:0:0:1, SessionId=58ED11C1A0EC60CB69D324FE1C488DCE], Granted Authorities=[USER]]]
2025-07-15 17:35:46 - Securing GET /favicon.ico
2025-07-15 17:35:46 - Retrieved SecurityContextImpl [Authentication=UsernamePasswordAuthenticationToken [Principal=org.springframework.security.core.userdetails.User [Username=pjunior954@gmail.com, Password=[PROTECTED], Enabled=true, AccountNonExpired=true, CredentialsNonExpired=true, AccountNonLocked=true, Granted Authorities=[USER]], Credentials=[PROTECTED], Authenticated=true, Details=WebAuthenticationDetails [RemoteIpAddress=0:0:0:0:0:0:0:1, SessionId=58ED11C1A0EC60CB69D324FE1C488DCE], Granted Authorities=[USER]]]
2025-07-15 17:35:46 - Secured GET /favicon.ico
2025-07-15 17:35:46 - Resolved [org.springframework.web.servlet.resource.NoResourceFoundException: No static resource favicon.ico.]
2025-07-15 17:35:48 - Securing GET /filmes/16
2025-07-15 17:35:48 - Retrieved SecurityContextImpl [Authentication=UsernamePasswordAuthenticationToken [Principal=org.springframework.security.core.userdetails.User [Username=pjunior954@gmail.com, Password=[PROTECTED], Enabled=true, AccountNonExpired=true, CredentialsNonExpired=true, AccountNonLocked=true, Granted Authorities=[USER]], Credentials=[PROTECTED], Authenticated=true, Details=WebAuthenticationDetails [RemoteIpAddress=0:0:0:0:0:0:0:1, SessionId=58ED11C1A0EC60CB69D324FE1C488DCE], Granted Authorities=[USER]]]
2025-07-15 17:35:48 - Secured GET /filmes/16
2025-07-15 17:35:48 - Securing GET /uploads/f70372d2-7e6d-4e3f-93cd-96f22d1ad684.jpg
2025-07-15 17:35:48 - Secured GET /uploads/f70372d2-7e6d-4e3f-93cd-96f22d1ad684.jpg
2025-07-15 17:35:48 - Retrieved SecurityContextImpl [Authentication=UsernamePasswordAuthenticationToken [Principal=org.springframework.security.core.userdetails.User [Username=pjunior954@gmail.com, Password=[PROTECTED], Enabled=true, AccountNonExpired=true, CredentialsNonExpired=true, AccountNonLocked=true, Granted Authorities=[USER]], Credentials=[PROTECTED], Authenticated=true, Details=WebAuthenticationDetails [RemoteIpAddress=0:0:0:0:0:0:0:1, SessionId=58ED11C1A0EC60CB69D324FE1C488DCE], Granted Authorities=[USER]]]
2025-07-15 17:35:49 - Securing GET /filmes/18
2025-07-15 17:35:49 - Retrieved SecurityContextImpl [Authentication=UsernamePasswordAuthenticationToken [Principal=org.springframework.security.core.userdetails.User [Username=pjunior954@gmail.com, Password=[PROTECTED], Enabled=true, AccountNonExpired=true, CredentialsNonExpired=true, AccountNonLocked=true, Granted Authorities=[USER]], Credentials=[PROTECTED], Authenticated=true, Details=WebAuthenticationDetails [RemoteIpAddress=0:0:0:0:0:0:0:1, SessionId=58ED11C1A0EC60CB69D324FE1C488DCE], Granted Authorities=[USER]]]
2025-07-15 17:35:49 - Secured GET /filmes/18
2025-07-15 17:35:49 - Securing GET /uploads/e2d64a05-13b6-4982-8299-de36fb05c425.jpg
2025-07-15 17:35:49 - Secured GET /uploads/e2d64a05-13b6-4982-8299-de36fb05c425.jpg
2025-07-15 17:35:49 - Resolved [org.springframework.web.servlet.resource.NoResourceFoundException: No static resource uploads/e2d64a05-13b6-4982-8299-de36fb05c425.jpg.]
2025-07-15 17:35:49 - Retrieved SecurityContextImpl [Authentication=UsernamePasswordAuthenticationToken [Principal=org.springframework.security.core.userdetails.User [Username=pjunior954@gmail.com, Password=[PROTECTED], Enabled=true, AccountNonExpired=true, CredentialsNonExpired=true, AccountNonLocked=true, Granted Authorities=[USER]], Credentials=[PROTECTED], Authenticated=true, Details=WebAuthenticationDetails [RemoteIpAddress=0:0:0:0:0:0:0:1, SessionId=58ED11C1A0EC60CB69D324FE1C488DCE], Granted Authorities=[USER]]]
2025-07-15 17:35:51 - Securing GET /dashboard
2025-07-15 17:35:51 - Retrieved SecurityContextImpl [Authentication=UsernamePasswordAuthenticationToken [Principal=org.springframework.security.core.userdetails.User [Username=pjunior954@gmail.com, Password=[PROTECTED], Enabled=true, AccountNonExpired=true, CredentialsNonExpired=true, AccountNonLocked=true, Granted Authorities=[USER]], Credentials=[PROTECTED], Authenticated=true, Details=WebAuthenticationDetails [RemoteIpAddress=0:0:0:0:0:0:0:1, SessionId=58ED11C1A0EC60CB69D324FE1C488DCE], Granted Authorities=[USER]]]
2025-07-15 17:35:51 - Secured GET /dashboard
2025-07-15 17:35:51 - Securing GET /favicon.ico
2025-07-15 17:35:51 - Retrieved SecurityContextImpl [Authentication=UsernamePasswordAuthenticationToken [Principal=org.springframework.security.core.userdetails.User [Username=pjunior954@gmail.com, Password=[PROTECTED], Enabled=true, AccountNonExpired=true, CredentialsNonExpired=true, AccountNonLocked=true, Granted Authorities=[USER]], Credentials=[PROTECTED], Authenticated=true, Details=WebAuthenticationDetails [RemoteIpAddress=0:0:0:0:0:0:0:1, SessionId=58ED11C1A0EC60CB69D324FE1C488DCE], Granted Authorities=[USER]]]
2025-07-15 17:35:51 - Secured GET /favicon.ico
2025-07-15 17:35:51 - Resolved [org.springframework.web.servlet.resource.NoResourceFoundException: No static resource favicon.ico.]
2025-07-15 17:35:55 - Securing GET /filmes
2025-07-15 17:35:55 - Retrieved SecurityContextImpl [Authentication=UsernamePasswordAuthenticationToken [Principal=org.springframework.security.core.userdetails.User [Username=pjunior954@gmail.com, Password=[PROTECTED], Enabled=true, AccountNonExpired=true, CredentialsNonExpired=true, AccountNonLocked=true, Granted Authorities=[USER]], Credentials=[PROTECTED], Authenticated=true, Details=WebAuthenticationDetails [RemoteIpAddress=0:0:0:0:0:0:0:1, SessionId=58ED11C1A0EC60CB69D324FE1C488DCE], Granted Authorities=[USER]]]
2025-07-15 17:35:55 - Secured GET /filmes
2025-07-15 17:35:55 - Securing GET /uploads/e2d64a05-13b6-4982-8299-de36fb05c425.jpg
2025-07-15 17:35:55 - Securing GET /uploads/f70372d2-7e6d-4e3f-93cd-96f22d1ad684.jpg
2025-07-15 17:35:55 - Secured GET /uploads/f70372d2-7e6d-4e3f-93cd-96f22d1ad684.jpg
2025-07-15 17:35:55 - Securing GET /script.js
2025-07-15 17:35:55 - Retrieved SecurityContextImpl [Authentication=UsernamePasswordAuthenticationToken [Principal=org.springframework.security.core.userdetails.User [Username=pjunior954@gmail.com, Password=[PROTECTED], Enabled=true, AccountNonExpired=true, CredentialsNonExpired=true, AccountNonLocked=true, Granted Authorities=[USER]], Credentials=[PROTECTED], Authenticated=true, Details=WebAuthenticationDetails [RemoteIpAddress=0:0:0:0:0:0:0:1, SessionId=58ED11C1A0EC60CB69D324FE1C488DCE], Granted Authorities=[USER]]]
2025-07-15 17:35:55 - Secured GET /script.js
2025-07-15 17:35:55 - Secured GET /uploads/e2d64a05-13b6-4982-8299-de36fb05c425.jpg
2025-07-15 17:35:55 - Retrieved SecurityContextImpl [Authentication=UsernamePasswordAuthenticationToken [Principal=org.springframework.security.core.userdetails.User [Username=pjunior954@gmail.com, Password=[PROTECTED], Enabled=true, AccountNonExpired=true, CredentialsNonExpired=true, AccountNonLocked=true, Granted Authorities=[USER]], Credentials=[PROTECTED], Authenticated=true, Details=WebAuthenticationDetails [RemoteIpAddress=0:0:0:0:0:0:0:1, SessionId=58ED11C1A0EC60CB69D324FE1C488DCE], Granted Authorities=[USER]]]
2025-07-15 17:35:55 - Resolved [org.springframework.web.servlet.resource.NoResourceFoundException: No static resource script.js.]
2025-07-15 17:35:55 - Resolved [org.springframework.web.servlet.resource.NoResourceFoundException: No static resource uploads/e2d64a05-13b6-4982-8299-de36fb05c425.jpg.]
2025-07-15 17:35:55 - Retrieved SecurityContextImpl [Authentication=UsernamePasswordAuthenticationToken [Principal=org.springframework.security.core.userdetails.User [Username=pjunior954@gmail.com, Password=[PROTECTED], Enabled=true, AccountNonExpired=true, CredentialsNonExpired=true, AccountNonLocked=true, Granted Authorities=[USER]], Credentials=[PROTECTED], Authenticated=true, Details=WebAuthenticationDetails [RemoteIpAddress=0:0:0:0:0:0:0:1, SessionId=58ED11C1A0EC60CB69D324FE1C488DCE], Granted Authorities=[USER]]]
2025-07-15 17:35:55 - Securing GET /favicon.ico
2025-07-15 17:35:55 - Retrieved SecurityContextImpl [Authentication=UsernamePasswordAuthenticationToken [Principal=org.springframework.security.core.userdetails.User [Username=pjunior954@gmail.com, Password=[PROTECTED], Enabled=true, AccountNonExpired=true, CredentialsNonExpired=true, AccountNonLocked=true, Granted Authorities=[USER]], Credentials=[PROTECTED], Authenticated=true, Details=WebAuthenticationDetails [RemoteIpAddress=0:0:0:0:0:0:0:1, SessionId=58ED11C1A0EC60CB69D324FE1C488DCE], Granted Authorities=[USER]]]
2025-07-15 17:35:55 - Secured GET /favicon.ico
2025-07-15 17:35:55 - Resolved [org.springframework.web.servlet.resource.NoResourceFoundException: No static resource favicon.ico.]
2025-07-15 17:36:08 - Securing GET /dashboard
2025-07-15 17:36:08 - Retrieved SecurityContextImpl [Authentication=UsernamePasswordAuthenticationToken [Principal=org.springframework.security.core.userdetails.User [Username=pjunior954@gmail.com, Password=[PROTECTED], Enabled=true, AccountNonExpired=true, CredentialsNonExpired=true, AccountNonLocked=true, Granted Authorities=[USER]], Credentials=[PROTECTED], Authenticated=true, Details=WebAuthenticationDetails [RemoteIpAddress=0:0:0:0:0:0:0:1, SessionId=58ED11C1A0EC60CB69D324FE1C488DCE], Granted Authorities=[USER]]]
2025-07-15 17:36:08 - Secured GET /dashboard
2025-07-15 17:36:08 - Securing GET /favicon.ico
2025-07-15 17:36:08 - Retrieved SecurityContextImpl [Authentication=UsernamePasswordAuthenticationToken [Principal=org.springframework.security.core.userdetails.User [Username=pjunior954@gmail.com, Password=[PROTECTED], Enabled=true, AccountNonExpired=true, CredentialsNonExpired=true, AccountNonLocked=true, Granted Authorities=[USER]], Credentials=[PROTECTED], Authenticated=true, Details=WebAuthenticationDetails [RemoteIpAddress=0:0:0:0:0:0:0:1, SessionId=58ED11C1A0EC60CB69D324FE1C488DCE], Granted Authorities=[USER]]]
2025-07-15 17:36:08 - Secured GET /favicon.ico
2025-07-15 17:36:09 - Resolved [org.springframework.web.servlet.resource.NoResourceFoundException: No static resource favicon.ico.]
2025-07-15 17:37:55 - Commencing graceful shutdown. Waiting for active requests to complete
2025-07-15 17:37:55 - Graceful shutdown complete
2025-07-15 17:37:55 - Closing JPA EntityManagerFactory for persistence unit 'default'
2025-07-15 17:37:55 - HikariPool-1 - Shutdown initiated...
2025-07-15 17:37:55 - HikariPool-1 - Shutdown completed.
